{"level":"debug","message":"CLI Functions: resetting CLI state","timestamp":"2021-07-21T15:03:53.956Z"}
{"level":"debug","message":"CLI Functions: started running CLI steps","timestamp":"2021-07-21T15:03:53.957Z"}
{"level":"info","message":"WICKED CLI Starting...","timestamp":"2021-07-21T15:03:53.958Z"}
{"level":"info","message":"Logging to: '/Users/oferhaim/IdeaProjects/github.ibm.com/Activity-Insights/universal-connectors/filter-plugin/logstash-filter-hdfs-guardium/wicked_cli.log'","timestamp":"2021-07-21T15:03:53.958Z"}
{"level":"debug","message":"CLI Functions: started parameters step","timestamp":"2021-07-21T15:03:53.958Z"}
{"level":"debug","message":"Command: /usr/local/bin/node /usr/local/bin/wicked-cli -s /Users/oferhaim/IdeaProjects/github.ibm.com/Activity-Insights/universal-connectors/filter-plugin/logstash-filter-hdfs-guardium/ -o /Users/oferhaim/Desktop/uc_wicked_scans/logstash-filter-hdfs-guardium","timestamp":"2021-07-21T15:03:53.958Z"}
{"level":"debug","message":"Parsed Arguments: {\"scan\":\"/Users/oferhaim/IdeaProjects/github.ibm.com/Activity-Insights/universal-connectors/filter-plugin/logstash-filter-hdfs-guardium\",\"output\":\"/Users/oferhaim/Desktop/uc_wicked_scans/logstash-filter-hdfs-guardium\",\"argv\":{\"remain\":[],\"cooked\":[\"--scan\",\"/Users/oferhaim/IdeaProjects/github.ibm.com/Activity-Insights/universal-connectors/filter-plugin/logstash-filter-hdfs-guardium/\",\"--output\",\"/Users/oferhaim/Desktop/uc_wicked_scans/logstash-filter-hdfs-guardium\"],\"original\":[\"-s\",\"/Users/oferhaim/IdeaProjects/github.ibm.com/Activity-Insights/universal-connectors/filter-plugin/logstash-filter-hdfs-guardium/\",\"-o\",\"/Users/oferhaim/Desktop/uc_wicked_scans/logstash-filter-hdfs-guardium\"]}}","timestamp":"2021-07-21T15:03:53.959Z"}
{"level":"debug","message":"CLI Functions: completed parameters step","timestamp":"2021-07-21T15:03:53.959Z"}
{"level":"debug","message":"CLI Functions: started handle parameters step","timestamp":"2021-07-21T15:03:53.962Z"}
{"level":"debug","message":"CLI Functions: completed handle parameters step","timestamp":"2021-07-21T15:03:53.962Z"}
{"level":"debug","message":"CLI Functions: started check version step","timestamp":"2021-07-21T15:03:53.963Z"}
{"level":"info","message":"Current CLI Version: 2.3.1","timestamp":"2021-07-21T15:03:53.963Z"}
{"level":"info","message":"Using WILD Version: 1.0.207","timestamp":"2021-07-21T15:03:53.963Z"}
{"level":"info","message":"Pedigree Service: https://pedigree-service.wdc1a.cirrus.ibm.com/api/pedigree/check/bulk","timestamp":"2021-07-21T15:03:53.964Z"}
{"level":"debug","message":"CLI Functions: completed check version step","timestamp":"2021-07-21T15:03:57.450Z"}
{"level":"debug","message":"CLI Functions: started verify output path step","timestamp":"2021-07-21T15:03:57.450Z"}
{"level":"debug","message":"CLI Functions: completed verify output path step","timestamp":"2021-07-21T15:03:57.451Z"}
{"level":"debug","message":"CLI Functions: started execute scan step","timestamp":"2021-07-21T15:03:57.451Z"}
{"level":"info","message":"Scanning directory: /Users/oferhaim/IdeaProjects/github.ibm.com/Activity-Insights/universal-connectors/filter-plugin/logstash-filter-hdfs-guardium","timestamp":"2021-07-21T15:03:57.451Z"}
{"level":"debug","message":"Depth-Finder: API starting scan","timestamp":"2021-07-21T15:03:57.452Z"}
{"level":"debug","message":"Depth-Finder: started scan of /Users/oferhaim/IdeaProjects/github.ibm.com/Activity-Insights/universal-connectors/filter-plugin/logstash-filter-hdfs-guardium","timestamp":"2021-07-21T15:03:57.452Z"}
{"level":"debug","message":"Depth-Finder: started init phase","timestamp":"2021-07-21T15:03:57.452Z"}
{"level":"debug","message":"Depth-Finder loading plugins","timestamp":"2021-07-21T15:03:57.454Z"}
{"level":"debug","message":"Depth-Finder: started loading plugins","timestamp":"2021-07-21T15:03:57.454Z"}
{"level":"debug","message":"Depth-Finder: looking for plugins in /usr/local/lib/node_modules/@wicked/cli/lib/depth-finder/plugins","timestamp":"2021-07-21T15:03:57.454Z"}
{"level":"debug","message":"Depth-Finder: loaded Flatten Output Plugin","timestamp":"2021-07-21T15:03:57.455Z"}
{"level":"debug","message":"Depth-Finder: looking for plugins in /usr/local/lib/node_modules/@wicked/cli/lib/depth-finder/plugins/lib","timestamp":"2021-07-21T15:03:57.456Z"}
{"level":"debug","message":"Depth-Finder: loaded License Approval Status Plugin","timestamp":"2021-07-21T15:03:57.459Z"}
{"level":"debug","message":"Depth-Finder: loaded License Scanner Plugin","timestamp":"2021-07-21T15:03:57.690Z"}
{"level":"debug","message":"Depth-Finder: loaded Package Hasher Plugin","timestamp":"2021-07-21T15:03:57.691Z"}
{"level":"debug","message":"Depth-Finder: loaded Package Finder Plugin","timestamp":"2021-07-21T15:03:57.691Z"}
{"level":"debug","message":"Depth-Finder: looking for plugins in /usr/local/lib/node_modules/@wicked/cli/lib/depth-finder/plugins/lib/data","timestamp":"2021-07-21T15:03:57.693Z"}
{"level":"debug","message":"Depth-Finder: completed loading plugins without an error","timestamp":"2021-07-21T15:03:57.695Z"}
{"level":"debug","message":"Depth-Finder: License Approval Status Plugin - init","timestamp":"2021-07-21T15:03:57.695Z"}
{"level":"debug","message":"Depth-Finder: License Scanner Plugin - init","timestamp":"2021-07-21T15:03:57.696Z"}
{"level":"debug","message":"Depth-Finder: completed init phase without an error","timestamp":"2021-07-21T15:03:58.324Z"}
{"level":"debug","message":"Depth-Finder: started index phase","timestamp":"2021-07-21T15:03:58.325Z"}
{"level":"debug","message":"Depth-Finder starting to index directory structure...","timestamp":"2021-07-21T15:03:58.325Z"}
{"level":"debug","message":"START Decompressing /Users/oferhaim/IdeaProjects/github.ibm.com/Activity-Insights/universal-connectors/filter-plugin/logstash-filter-hdfs-guardium/HdfsOverFilebeatPackage/Hdfs/guardium-hdfs-uc.zip","timestamp":"2021-07-21T15:03:58.331Z"}
{"level":"debug","message":"7Zip closed with error code 2","timestamp":"2021-07-21T15:03:58.346Z"}
{"level":"warn","message":"Could not decompress \"HdfsOverFilebeatPackage/Hdfs/guardium-hdfs-uc.zip\".","timestamp":"2021-07-21T15:03:58.347Z"}
{"level":"debug","message":"START Decompressing /Users/oferhaim/IdeaProjects/github.ibm.com/Activity-Insights/universal-connectors/filter-plugin/logstash-filter-hdfs-guardium/dependenciesLib/commons-beanutils-1.8.3.jar","timestamp":"2021-07-21T15:03:58.348Z"}
{"level":"debug","message":"7Zip closed with error code 2","timestamp":"2021-07-21T15:03:58.356Z"}
{"level":"warn","message":"Could not decompress \"dependenciesLib/commons-beanutils-1.8.3.jar\".","timestamp":"2021-07-21T15:03:58.357Z"}
{"level":"debug","message":"START Decompressing /Users/oferhaim/IdeaProjects/github.ibm.com/Activity-Insights/universal-connectors/filter-plugin/logstash-filter-hdfs-guardium/dependenciesLib/commons-collections-3.2.1.jar","timestamp":"2021-07-21T15:03:58.357Z"}
{"level":"debug","message":"7Zip closed with error code 2","timestamp":"2021-07-21T15:03:58.368Z"}
{"level":"warn","message":"Could not decompress \"dependenciesLib/commons-collections-3.2.1.jar\".","timestamp":"2021-07-21T15:03:58.369Z"}
{"level":"debug","message":"START Decompressing /Users/oferhaim/IdeaProjects/github.ibm.com/Activity-Insights/universal-connectors/filter-plugin/logstash-filter-hdfs-guardium/dependenciesLib/commons-digester-1.8.1.jar","timestamp":"2021-07-21T15:03:58.369Z"}
{"level":"debug","message":"7Zip closed with error code 2","timestamp":"2021-07-21T15:03:58.378Z"}
{"level":"warn","message":"Could not decompress \"dependenciesLib/commons-digester-1.8.1.jar\".","timestamp":"2021-07-21T15:03:58.378Z"}
{"level":"debug","message":"START Decompressing /Users/oferhaim/IdeaProjects/github.ibm.com/Activity-Insights/universal-connectors/filter-plugin/logstash-filter-hdfs-guardium/dependenciesLib/commons-lang3-3.7.jar","timestamp":"2021-07-21T15:03:58.378Z"}
{"level":"debug","message":"7Zip closed with error code 2","timestamp":"2021-07-21T15:03:58.387Z"}
{"level":"warn","message":"Could not decompress \"dependenciesLib/commons-lang3-3.7.jar\".","timestamp":"2021-07-21T15:03:58.387Z"}
{"level":"debug","message":"START Decompressing /Users/oferhaim/IdeaProjects/github.ibm.com/Activity-Insights/universal-connectors/filter-plugin/logstash-filter-hdfs-guardium/dependenciesLib/commons-logging-1.2.jar","timestamp":"2021-07-21T15:03:58.388Z"}
{"level":"debug","message":"7Zip closed with error code 2","timestamp":"2021-07-21T15:03:58.395Z"}
{"level":"warn","message":"Could not decompress \"dependenciesLib/commons-logging-1.2.jar\".","timestamp":"2021-07-21T15:03:58.396Z"}
{"level":"debug","message":"START Decompressing /Users/oferhaim/IdeaProjects/github.ibm.com/Activity-Insights/universal-connectors/filter-plugin/logstash-filter-hdfs-guardium/dependenciesLib/commons-validator-1.4.1.jar","timestamp":"2021-07-21T15:03:58.396Z"}
{"level":"debug","message":"7Zip closed with error code 2","timestamp":"2021-07-21T15:03:58.405Z"}
{"level":"warn","message":"Could not decompress \"dependenciesLib/commons-validator-1.4.1.jar\".","timestamp":"2021-07-21T15:03:58.405Z"}
{"level":"debug","message":"START Decompressing /Users/oferhaim/IdeaProjects/github.ibm.com/Activity-Insights/universal-connectors/filter-plugin/logstash-filter-hdfs-guardium/dependenciesLib/gson-2.8.6.jar","timestamp":"2021-07-21T15:03:58.406Z"}
{"level":"debug","message":"7Zip closed with error code 2","timestamp":"2021-07-21T15:03:58.415Z"}
{"level":"warn","message":"Could not decompress \"dependenciesLib/gson-2.8.6.jar\".","timestamp":"2021-07-21T15:03:58.415Z"}
{"level":"debug","message":"START Decompressing /Users/oferhaim/IdeaProjects/github.ibm.com/Activity-Insights/universal-connectors/filter-plugin/logstash-filter-hdfs-guardium/dependenciesLib/hamcrest-core-1.3.jar","timestamp":"2021-07-21T15:03:58.415Z"}
{"level":"debug","message":"7Zip closed with error code 2","timestamp":"2021-07-21T15:03:58.423Z"}
{"level":"warn","message":"Could not decompress \"dependenciesLib/hamcrest-core-1.3.jar\".","timestamp":"2021-07-21T15:03:58.423Z"}
{"level":"debug","message":"START Decompressing /Users/oferhaim/IdeaProjects/github.ibm.com/Activity-Insights/universal-connectors/filter-plugin/logstash-filter-hdfs-guardium/dependenciesLib/jruby-complete-9.2.7.0.jar","timestamp":"2021-07-21T15:03:58.424Z"}
{"level":"debug","message":"7Zip closed with error code 2","timestamp":"2021-07-21T15:03:58.493Z"}
{"level":"warn","message":"Could not decompress \"dependenciesLib/jruby-complete-9.2.7.0.jar\".","timestamp":"2021-07-21T15:03:58.494Z"}
{"level":"debug","message":"START Decompressing /Users/oferhaim/IdeaProjects/github.ibm.com/Activity-Insights/universal-connectors/filter-plugin/logstash-filter-hdfs-guardium/dependenciesLib/junit-4.12.jar","timestamp":"2021-07-21T15:03:58.494Z"}
{"level":"debug","message":"7Zip closed with error code 2","timestamp":"2021-07-21T15:03:58.503Z"}
{"level":"warn","message":"Could not decompress \"dependenciesLib/junit-4.12.jar\".","timestamp":"2021-07-21T15:03:58.503Z"}
{"level":"debug","message":"START Decompressing /Users/oferhaim/IdeaProjects/github.ibm.com/Activity-Insights/universal-connectors/filter-plugin/logstash-filter-hdfs-guardium/dependenciesLib/log4j-api-2.13.3.jar","timestamp":"2021-07-21T15:03:58.503Z"}
{"level":"debug","message":"7Zip closed with error code 2","timestamp":"2021-07-21T15:03:58.513Z"}
{"level":"warn","message":"Could not decompress \"dependenciesLib/log4j-api-2.13.3.jar\".","timestamp":"2021-07-21T15:03:58.514Z"}
{"level":"debug","message":"START Decompressing /Users/oferhaim/IdeaProjects/github.ibm.com/Activity-Insights/universal-connectors/filter-plugin/logstash-filter-hdfs-guardium/dependenciesLib/log4j-core-2.13.3.jar","timestamp":"2021-07-21T15:03:58.514Z"}
{"level":"debug","message":"7Zip closed with error code 2","timestamp":"2021-07-21T15:03:58.530Z"}
{"level":"warn","message":"Could not decompress \"dependenciesLib/log4j-core-2.13.3.jar\".","timestamp":"2021-07-21T15:03:58.530Z"}
{"level":"debug","message":"START Decompressing /Users/oferhaim/IdeaProjects/github.ibm.com/Activity-Insights/universal-connectors/filter-plugin/logstash-filter-hdfs-guardium/dependenciesLib/logstash-core-7.5.2.jar","timestamp":"2021-07-21T15:03:58.530Z"}
{"level":"debug","message":"7Zip closed with error code 2","timestamp":"2021-07-21T15:03:58.542Z"}
{"level":"warn","message":"Could not decompress \"dependenciesLib/logstash-core-7.5.2.jar\".","timestamp":"2021-07-21T15:03:58.542Z"}
{"level":"debug","message":"START Decompressing /Users/oferhaim/IdeaProjects/github.ibm.com/Activity-Insights/universal-connectors/filter-plugin/logstash-filter-hdfs-guardium/gradle/wrapper/gradle-wrapper.jar","timestamp":"2021-07-21T15:03:58.543Z"}
{"level":"debug","message":"7Zip closed with error code 2","timestamp":"2021-07-21T15:03:58.554Z"}
{"level":"warn","message":"Could not decompress \"gradle/wrapper/gradle-wrapper.jar\".","timestamp":"2021-07-21T15:03:58.554Z"}
{"level":"debug","message":"Depth-Finder finished indexing directory structure. Found 47 files in 30 directories.","timestamp":"2021-07-21T15:03:58.559Z"}
{"level":"debug","message":"Decompressed 1 .zip files","timestamp":"2021-07-21T15:03:58.559Z"}
{"level":"debug","message":"Decompressed 14 .jar files","timestamp":"2021-07-21T15:03:58.559Z"}
{"level":"debug","message":"Depth-Finder: completed index phase without an error","timestamp":"2021-07-21T15:03:58.560Z"}
{"level":"debug","message":"Depth-Finder: started PID_1 phase","timestamp":"2021-07-21T15:03:58.560Z"}
{"level":"debug","message":"Depth-Finder: Package Finder Plugin - PID_1","timestamp":"2021-07-21T15:03:58.560Z"}
{"level":"info","message":"Package finder is looking for packages. The first run will take a couple minutes longer...","timestamp":"2021-07-21T15:03:58.560Z"}
{"level":"debug","message":"Package finder is invoking java process: -jar,/usr/local/lib/node_modules/@wicked/cli/lib/depth-finder/plugins/lib/package-finder.jar,/Users/oferhaim/IdeaProjects/github.ibm.com/Activity-Insights/universal-connectors/filter-plugin/logstash-filter-hdfs-guardium,output,package-finder-output_df8a64c0-ea34-11eb-83e0-6d794dd23dea","timestamp":"2021-07-21T15:03:58.560Z"}
{"level":"debug","message":"Package finder java stderr: [main] INFO com.ibm.dependency.PackageFinder - vulnerable, surppression, output options: false, null, package-finder-output_df8a64c0-ea34-11eb-83e0-6d794dd23dea\n","timestamp":"2021-07-21T15:03:58.780Z"}
{"level":"debug","message":"Package finder java stderr: [main] INFO org.owasp.dependencycheck.Engine - Checking for updates\n","timestamp":"2021-07-21T15:03:59.258Z"}
{"level":"debug","message":"Package finder java stderr: [main] ERROR org.owasp.dependencycheck.utils.Downloader - IO Exception: HEAD request returned a non-200 status code\n","timestamp":"2021-07-21T15:04:00.267Z"}
{"level":"debug","message":"Package finder java stderr: [main] ERROR org.owasp.dependencycheck.utils.Downloader - IO Exception: GET request returned a non-200 status code\n","timestamp":"2021-07-21T15:04:00.951Z"}
{"level":"debug","message":"Package finder java stderr: [main] WARN org.owasp.dependencycheck.data.update.NvdCveUpdater - Unable to download the NVD CVE data; the results may not include the most recent CPE/CVEs from the NVD.\n[main] INFO org.owasp.dependencycheck.data.update.NvdCveUpdater - If you are behind a proxy you may need to configure dependency-check to use the proxy.\n","timestamp":"2021-07-21T15:04:00.951Z"}
{"level":"debug","message":"Package finder java stderr: [main] WARN org.owasp.dependencycheck.Engine - Unable to update Cached Web DataSource, using local data instead. Results may not include recent vulnerabilities.\n","timestamp":"2021-07-21T15:04:00.952Z"}
{"level":"debug","message":"Package finder java stderr: [main] INFO org.owasp.dependencycheck.Engine - Analysis Started\n","timestamp":"2021-07-21T15:04:00.972Z"}
{"level":"debug","message":"Package finder java stderr: [main] ERROR org.owasp.dependencycheck.analyzer.AssemblyAnalyzer - ----------------------------------------------------\n[main] ERROR org.owasp.dependencycheck.analyzer.AssemblyAnalyzer - .NET Assembly Analyzer could not be initialized and at least one 'exe' or 'dll' was scanned. The 'mono' executale could not be found on the path; either disable the Assembly Analyzer or configure the path mono.\n[main] ERROR org.owasp.dependencycheck.analyzer.AssemblyAnalyzer - ----------------------------------------------------\n","timestamp":"2021-07-21T15:04:03.465Z"}
{"level":"debug","message":"Package finder java stderr: [main] INFO org.owasp.dependencycheck.analyzer.CPEAnalyzer - Creating the CPE Index\n","timestamp":"2021-07-21T15:04:03.564Z"}
{"level":"debug","message":"Package finder java stderr: [main] INFO org.owasp.dependencycheck.analyzer.CPEAnalyzer - CPE Index Created (2889 ms)\n","timestamp":"2021-07-21T15:04:06.455Z"}
{"level":"debug","message":"Package finder java stderr: [main] INFO org.owasp.dependencycheck.Engine - Analysis Complete (7542 ms)\n","timestamp":"2021-07-21T15:04:08.515Z"}
{"level":"debug","message":"Package finder java stderr: Multiple Exceptions Occurred\norg.owasp.dependencycheck.exception.ExceptionCollection: One or more exceptions occured during dependency-check analysis\n\tUnable to download the NVD CVE data.\n\tat org.owasp.dependencycheck.Engine.analyzeDependencies(Engine.java:427)\n","timestamp":"2021-07-21T15:04:08.515Z"}
{"level":"debug","message":"Package finder java stderr: \tat com.ibm.dependency.PackageFinder.main(PackageFinder.java:128)\nNext Exception:\norg.owasp.dependencycheck.data.update.exception.UpdateException: Unable to download the NVD CVE data.\n\tat org.owasp.dependencycheck.data.update.NvdCveUpdater.update(NvdCveUpdater.java:94)\n\tat org.owasp.dependencycheck.Engine.doUpdates(Engine.java:492)\n\tat org.owasp.dependencycheck.Engine.analyzeDependencies(Engine.java:346)\n\tat com.ibm.dependency.PackageFinder.main(PackageFinder.java:128)\nCaused by: org.owasp.dependencycheck.utils.DownloadFailedException: Error making HTTP GET request.\n","timestamp":"2021-07-21T15:04:08.515Z"}
{"level":"debug","message":"Package finder java stderr: \tat org.owasp.dependencycheck.utils.Downloader.getLastModified(Downloader.java:279)\n\tat org.owasp.dependencycheck.utils.Downloader.getLastModified(Downloader.java:274)\n\tat org.owasp.dependencycheck.utils.Downloader.getLastModified(Downloader.java:221)\n\tat org.owasp.dependencycheck.data.update.nvd.UpdateableNvdCve.add(UpdateableNvdCve.java:101)\n\tat org.owasp.dependencycheck.data.update.NvdCveUpdater.retrieveCurrentTimestampsFromWeb(NvdCveUpdater.java:330)\n\tat org.owasp.dependencycheck.data.update.NvdCveUpdater.getUpdatesNeeded(NvdCveUpdater.java:259)\n","timestamp":"2021-07-21T15:04:08.515Z"}
{"level":"debug","message":"Package finder java stderr: \tat org.owasp.dependencycheck.data.update.NvdCveUpdater.update(NvdCveUpdater.java:79)\n\t... 3 more\nCaused by: org.owasp.dependencycheck.utils.DownloadFailedException: GET request returned a non-200 status code\n\tat org.owasp.dependencycheck.utils.Downloader.getLastModified(Downloader.java:259)\n\t... 9 more\n","timestamp":"2021-07-21T15:04:08.515Z"}
{"level":"debug","message":"Package finder java stderr: [main] INFO com.ibm.dependency.PackageFinder - 53 dependencies found by DependencyCheck.\n","timestamp":"2021-07-21T15:04:08.515Z"}
{"level":"debug","message":"Package finder java stderr: [main] INFO com.ibm.dependency.PackageFinder - 1: commons-beanutils 1.8.3 (dependenciesLib/commons-beanutils-1.8.3.jar source=pom)\n","timestamp":"2021-07-21T15:04:08.517Z"}
{"level":"debug","message":"Package finder java stderr: [main] INFO com.ibm.dependency.PackageFinder -    homepage: http://commons.apache.org/beanutils/\n[main] INFO com.ibm.dependency.PackageFinder -    license: http://www.apache.org/licenses/LICENSE-2.0.txt\n","timestamp":"2021-07-21T15:04:08.517Z"}
{"level":"debug","message":"Package finder java stderr: [main] INFO com.ibm.dependency.PackageFinder - 2: commons-collections 3.2.1 (dependenciesLib/commons-collections-3.2.1.jar source=pom)\n[main] INFO com.ibm.dependency.PackageFinder -    homepage: http://commons.apache.org/collections/\n[main] INFO com.ibm.dependency.PackageFinder -    license: http://www.apache.org/licenses/LICENSE-2.0.txt\n","timestamp":"2021-07-21T15:04:08.517Z"}
{"level":"debug","message":"Package finder java stderr: [main] INFO com.ibm.dependency.PackageFinder - 3: commons-digester 1.8.1 (dependenciesLib/commons-digester-1.8.1.jar source=pom)\n[main] INFO com.ibm.dependency.PackageFinder -    homepage: http://commons.apache.org/digester/\n","timestamp":"2021-07-21T15:04:08.517Z"}
{"level":"debug","message":"Package finder java stderr: [main] INFO com.ibm.dependency.PackageFinder -    license: http://www.apache.org/licenses/LICENSE-2.0.txt\n","timestamp":"2021-07-21T15:04:08.517Z"}
{"level":"debug","message":"Package finder java stderr: [main] INFO com.ibm.dependency.PackageFinder - 4: commons-lang3 3.7 (dependenciesLib/commons-lang3-3.7.jar source=pom)\n[main] INFO com.ibm.dependency.PackageFinder -    homepage: http://commons.apache.org/proper/commons-lang/\n[main] INFO com.ibm.dependency.PackageFinder -    license: https://www.apache.org/licenses/LICENSE-2.0.txt\n","timestamp":"2021-07-21T15:04:08.517Z"}
{"level":"debug","message":"Package finder java stderr: [main] INFO com.ibm.dependency.PackageFinder - 5: commons-logging 1.2 (dependenciesLib/commons-logging-1.2.jar source=pom)\n","timestamp":"2021-07-21T15:04:08.517Z"}
{"level":"debug","message":"Package finder java stderr: [main] INFO com.ibm.dependency.PackageFinder -    homepage: http://commons.apache.org/proper/commons-logging/\n[main] INFO com.ibm.dependency.PackageFinder -    license: http://www.apache.org/licenses/LICENSE-2.0.txt\n","timestamp":"2021-07-21T15:04:08.518Z"}
{"level":"debug","message":"Package finder java stderr: [main] INFO com.ibm.dependency.PackageFinder - 6: commons-validator 1.4.1 (dependenciesLib/commons-validator-1.4.1.jar source=pom)\n[main] INFO com.ibm.dependency.PackageFinder -    homepage: http://commons.apache.org/proper/commons-validator/\n[main] INFO com.ibm.dependency.PackageFinder -    license: http://www.apache.org/licenses/LICENSE-2.0.txt\n[main] INFO com.ibm.dependency.PackageFinder - 7: gson 2.8.6 (dependenciesLib/gson-2.8.6.jar source=pom)\n","timestamp":"2021-07-21T15:04:08.518Z"}
{"level":"debug","message":"Package finder java stderr: [main] INFO com.ibm.dependency.PackageFinder - 8: hamcrest-core 1.3 (dependenciesLib/hamcrest-core-1.3.jar source=file)\n","timestamp":"2021-07-21T15:04:08.518Z"}
{"level":"debug","message":"Package finder java stderr: [main] INFO com.ibm.dependency.PackageFinder - 9: jruby-complete 9.2.7.0 (dependenciesLib/jruby-complete-9.2.7.0.jar source=file)\n[main] INFO com.ibm.dependency.PackageFinder -    homepage: http://jruby.org\n[main] INFO com.ibm.dependency.PackageFinder -    license: http://www.gnu.org/licenses/gpl-2.0-standalone.html, http://www.gnu.org/licenses/lgpl-2.1-standalone.html, http://www.eclipse.org/legal/epl-v20.html\n","timestamp":"2021-07-21T15:04:08.518Z"}
{"level":"debug","message":"Package finder java stderr: [main] INFO com.ibm.dependency.PackageFinder - 10: (Filtered out) dependenciesLib/jruby-complete-9.2.7.0.jar/jni/i386-Windows/jffi-1.2.dll\n[main] INFO com.ibm.dependency.PackageFinder - 11: (Filtered out) dependenciesLib/jruby-complete-9.2.7.0.jar/jni/x86_64-Windows/jffi-1.2.dll\n[main] INFO com.ibm.dependency.PackageFinder - 12: (Filtered out) dependenciesLib/jruby-complete-9.2.7.0.jar/META-INF/jruby.home/bin/jrubyw.exe\n","timestamp":"2021-07-21T15:04:08.518Z"}
{"level":"debug","message":"Package finder java stderr: [main] INFO com.ibm.dependency.PackageFinder - 13: bundler 1.16.6 (dependenciesLib/jruby-complete-9.2.7.0.jar/META-INF/jruby.home/lib/ruby/gems/shared/specifications/bundler-1.16.6.gemspec source=gemspec)\n","timestamp":"2021-07-21T15:04:08.518Z"}
{"level":"debug","message":"Package finder java stderr: [main] INFO com.ibm.dependency.PackageFinder - 13: bundler unknown (dependenciesLib/jruby-complete-9.2.7.0.jar/META-INF/jruby.home/lib/ruby/gems/shared/gems/bundler-1.16.6/bundler.gemspec source=gemspec)\n[main] INFO com.ibm.dependency.PackageFinder -    homepage: http://bundler.io\n[main] INFO com.ibm.dependency.PackageFinder -    license: MIT\n","timestamp":"2021-07-21T15:04:08.518Z"}
{"level":"debug","message":"Package finder java stderr: [main] INFO com.ibm.dependency.PackageFinder -    related: dependenciesLib/jruby-complete-9.2.7.0.jar/META-INF/jruby.home/lib/ruby/gems/shared/gems/bundler-1.16.6/bundler.gemspec\n[main] INFO com.ibm.dependency.PackageFinder -    homepage: http://bundler.io\n[main] INFO com.ibm.dependency.PackageFinder -    license: MIT.freeze\n","timestamp":"2021-07-21T15:04:08.519Z"}
{"level":"debug","message":"Package finder java stderr: [main] INFO com.ibm.dependency.PackageFinder - 14: webrick 1.4.2 (dependenciesLib/jruby-complete-9.2.7.0.jar/META-INF/jruby.home/lib/ruby/gems/shared/specifications/default/webrick-1.4.2.gemspec source=gemspec)\n","timestamp":"2021-07-21T15:04:08.519Z"}
{"level":"debug","message":"Package finder java stderr: [main] INFO com.ibm.dependency.PackageFinder - 14: cmath 1.0.0 (dependenciesLib/jruby-complete-9.2.7.0.jar/META-INF/jruby.home/lib/ruby/gems/shared/specifications/default/cmath-1.0.0.gemspec source=gemspec)\n[main] INFO com.ibm.dependency.PackageFinder -    homepage: https://github.com/ruby/cmath\n","timestamp":"2021-07-21T15:04:08.519Z"}
{"level":"debug","message":"Package finder java stderr: [main] INFO com.ibm.dependency.PackageFinder -    license: BSD-2-Clause.freeze\n[main] INFO com.ibm.dependency.PackageFinder -    related: dependenciesLib/jruby-complete-9.2.7.0.jar/META-INF/jruby.home/lib/ruby/gems/shared/specifications/default/cmath-1.0.0.gemspec\n","timestamp":"2021-07-21T15:04:08.519Z"}
{"level":"debug","message":"Package finder java stderr: [main] INFO com.ibm.dependency.PackageFinder - 14: csv 1.0.0 (dependenciesLib/jruby-complete-9.2.7.0.jar/META-INF/jruby.home/lib/ruby/gems/shared/specifications/default/csv-1.0.0.gemspec source=gemspec)\n[main] INFO com.ibm.dependency.PackageFinder -    homepage: https://github.com/ruby/csv\n[main] INFO com.ibm.dependency.PackageFinder -    license: BSD-2-Clause.freeze\n[main] INFO com.ibm.dependency.PackageFinder -    related: dependenciesLib/jruby-complete-9.2.7.0.jar/META-INF/jruby.home/lib/ruby/gems/shared/specifications/default/csv-1.0.0.gemspec\n","timestamp":"2021-07-21T15:04:08.519Z"}
{"level":"debug","message":"Package finder java stderr: [main] INFO com.ibm.dependency.PackageFinder - 14: fileutils 1.1.0 (dependenciesLib/jruby-complete-9.2.7.0.jar/META-INF/jruby.home/lib/ruby/gems/shared/specifications/default/fileutils-1.1.0.gemspec source=gemspec)\n[main] INFO com.ibm.dependency.PackageFinder -    homepage: https://github.com/ruby/fileutils\n","timestamp":"2021-07-21T15:04:08.519Z"}
{"level":"debug","message":"Package finder java stderr: [main] INFO com.ibm.dependency.PackageFinder -    license: BSD-2-Clause.freeze\n[main] INFO com.ibm.dependency.PackageFinder -    related: dependenciesLib/jruby-complete-9.2.7.0.jar/META-INF/jruby.home/lib/ruby/gems/shared/specifications/default/fileutils-1.1.0.gemspec\n","timestamp":"2021-07-21T15:04:08.519Z"}
{"level":"debug","message":"Package finder java stderr: [main] INFO com.ibm.dependency.PackageFinder - 14: ipaddr 1.2.0 (dependenciesLib/jruby-complete-9.2.7.0.jar/META-INF/jruby.home/lib/ruby/gems/shared/specifications/default/ipaddr-1.2.0.gemspec source=gemspec)\n[main] INFO com.ibm.dependency.PackageFinder -    homepage: https://github.com/ruby/ipaddr\n[main] INFO com.ibm.dependency.PackageFinder -    related: dependenciesLib/jruby-complete-9.2.7.0.jar/META-INF/jruby.home/lib/ruby/gems/shared/specifications/default/ipaddr-1.2.0.gemspec\n","timestamp":"2021-07-21T15:04:08.519Z"}
{"level":"debug","message":"Package finder java stderr: [main] INFO com.ibm.dependency.PackageFinder - 14: jar-dependencies 0.4.0 (dependenciesLib/jruby-complete-9.2.7.0.jar/META-INF/jruby.home/lib/ruby/gems/shared/specifications/default/jar-dependencies-0.4.0.gemspec source=gemspec)\n[main] INFO com.ibm.dependency.PackageFinder -    homepage: https://github.com/mkristian/jar-dependencies\n[main] INFO com.ibm.dependency.PackageFinder -    license: MIT.freeze\n[main] INFO com.ibm.dependency.PackageFinder -    related: dependenciesLib/jruby-complete-9.2.7.0.jar/META-INF/jruby.home/lib/ruby/gems/shared/specifications/default/jar-dependencies-0.4.0.gemspec\n","timestamp":"2021-07-21T15:04:08.519Z"}
{"level":"debug","message":"Package finder java stderr: [main] INFO com.ibm.dependency.PackageFinder - 14: jruby-openssl 0.10.2 (dependenciesLib/jruby-complete-9.2.7.0.jar/META-INF/jruby.home/lib/ruby/gems/shared/specifications/default/jruby-openssl-0.10.2-java.gemspec source=gemspec)\n[main] INFO com.ibm.dependency.PackageFinder -    homepage: https://github.com/jruby/jruby-openssl\n","timestamp":"2021-07-21T15:04:08.519Z"}
{"level":"debug","message":"Package finder java stderr: [main] INFO com.ibm.dependency.PackageFinder -    license: EPL-1.0.freeze, GPL-2.0.freeze, LGPL-2.1.freeze\n[main] INFO com.ibm.dependency.PackageFinder -    related: dependenciesLib/jruby-complete-9.2.7.0.jar/META-INF/jruby.home/lib/ruby/gems/shared/specifications/default/jruby-openssl-0.10.2-java.gemspec\n","timestamp":"2021-07-21T15:04:08.519Z"}
{"level":"debug","message":"Package finder java stderr: [main] INFO com.ibm.dependency.PackageFinder - 14: jruby-readline 1.3.7 (dependenciesLib/jruby-complete-9.2.7.0.jar/META-INF/jruby.home/lib/ruby/gems/shared/specifications/default/jruby-readline-1.3.7-java.gemspec source=gemspec)\n[main] INFO com.ibm.dependency.PackageFinder -    homepage: https://github.com/jruby/jruby\n[main] INFO com.ibm.dependency.PackageFinder -    license: EPL-1.0.freeze, GPL-2.0.freeze, LGPL-2.1.freeze\n","timestamp":"2021-07-21T15:04:08.519Z"}
{"level":"debug","message":"Package finder java stderr: [main] INFO com.ibm.dependency.PackageFinder -    related: dependenciesLib/jruby-complete-9.2.7.0.jar/META-INF/jruby.home/lib/ruby/gems/shared/specifications/default/jruby-readline-1.3.7-java.gemspec\n","timestamp":"2021-07-21T15:04:08.519Z"}
{"level":"debug","message":"Package finder java stderr: [main] INFO com.ibm.dependency.PackageFinder - 14: json 2.2.0 (dependenciesLib/jruby-complete-9.2.7.0.jar/META-INF/jruby.home/lib/ruby/gems/shared/specifications/default/json-2.2.0-java.gemspec source=gemspec)\n[main] INFO com.ibm.dependency.PackageFinder -    homepage: http://json-jruby.rubyforge.org/\n[main] INFO com.ibm.dependency.PackageFinder -    license: Ruby.freeze\n[main] INFO com.ibm.dependency.PackageFinder -    related: dependenciesLib/jruby-complete-9.2.7.0.jar/META-INF/jruby.home/lib/ruby/gems/shared/specifications/default/json-2.2.0-java.gemspec\n","timestamp":"2021-07-21T15:04:08.520Z"}
{"level":"debug","message":"Package finder java stderr: [main] INFO com.ibm.dependency.PackageFinder - 14: psych 3.1.0 (dependenciesLib/jruby-complete-9.2.7.0.jar/META-INF/jruby.home/lib/ruby/gems/shared/specifications/default/psych-3.1.0-java.gemspec source=gemspec)\n","timestamp":"2021-07-21T15:04:08.520Z"}
{"level":"debug","message":"Package finder java stderr: [main] INFO com.ibm.dependency.PackageFinder -    homepage: https://github.com/ruby/psych\n[main] INFO com.ibm.dependency.PackageFinder -    license: MIT.freeze\n[main] INFO com.ibm.dependency.PackageFinder -    related: dependenciesLib/jruby-complete-9.2.7.0.jar/META-INF/jruby.home/lib/ruby/gems/shared/specifications/default/psych-3.1.0-java.gemspec\n","timestamp":"2021-07-21T15:04:08.520Z"}
{"level":"debug","message":"Package finder java stderr: [main] INFO com.ibm.dependency.PackageFinder - 14: rake-ant 1.0.4 (dependenciesLib/jruby-complete-9.2.7.0.jar/META-INF/jruby.home/lib/ruby/gems/shared/specifications/default/rake-ant-1.0.4.gemspec source=gemspec)\n[main] INFO com.ibm.dependency.PackageFinder -    homepage: https://github.com/jruby/rake-ant\n","timestamp":"2021-07-21T15:04:08.520Z"}
{"level":"debug","message":"Package finder java stderr: [main] INFO com.ibm.dependency.PackageFinder -    license: EPL-2.0.freeze\n[main] INFO com.ibm.dependency.PackageFinder -    related: dependenciesLib/jruby-complete-9.2.7.0.jar/META-INF/jruby.home/lib/ruby/gems/shared/specifications/default/rake-ant-1.0.4.gemspec\n","timestamp":"2021-07-21T15:04:08.520Z"}
{"level":"debug","message":"Package finder java stderr: [main] INFO com.ibm.dependency.PackageFinder - 14: rdoc 6.0.1 (dependenciesLib/jruby-complete-9.2.7.0.jar/META-INF/jruby.home/lib/ruby/gems/shared/specifications/default/rdoc-6.0.1.gemspec source=gemspec)\n[main] INFO com.ibm.dependency.PackageFinder -    homepage: https://ruby.github.io/rdoc\n[main] INFO com.ibm.dependency.PackageFinder -    license: Ruby.freeze\n[main] INFO com.ibm.dependency.PackageFinder -    related: dependenciesLib/jruby-complete-9.2.7.0.jar/META-INF/jruby.home/lib/ruby/gems/shared/specifications/default/rdoc-6.0.1.gemspec\n","timestamp":"2021-07-21T15:04:08.520Z"}
{"level":"debug","message":"Package finder java stderr: [main] INFO com.ibm.dependency.PackageFinder - 14: scanf 1.0.0 (dependenciesLib/jruby-complete-9.2.7.0.jar/META-INF/jruby.home/lib/ruby/gems/shared/specifications/default/scanf-1.0.0.gemspec source=gemspec)\n[main] INFO com.ibm.dependency.PackageFinder -    homepage: https://github.com/ruby/scanf\n","timestamp":"2021-07-21T15:04:08.520Z"}
{"level":"debug","message":"Package finder java stderr: [main] INFO com.ibm.dependency.PackageFinder -    license: BSD-2-Clause.freeze\n[main] INFO com.ibm.dependency.PackageFinder -    related: dependenciesLib/jruby-complete-9.2.7.0.jar/META-INF/jruby.home/lib/ruby/gems/shared/specifications/default/scanf-1.0.0.gemspec\n[main] INFO com.ibm.dependency.PackageFinder -    homepage: https://www.ruby-lang.org\n","timestamp":"2021-07-21T15:04:08.520Z"}
{"level":"debug","message":"Package finder java stderr: [main] INFO com.ibm.dependency.PackageFinder -    license: BSD-2-Clause.freeze\n","timestamp":"2021-07-21T15:04:08.520Z"}
{"level":"debug","message":"Package finder java stderr: [main] INFO com.ibm.dependency.PackageFinder - 15: did_you_mean 1.2.0 (dependenciesLib/jruby-complete-9.2.7.0.jar/META-INF/jruby.home/lib/ruby/gems/shared/specifications/did_you_mean-1.2.0.gemspec source=gemspec)\n","timestamp":"2021-07-21T15:04:08.520Z"}
{"level":"debug","message":"Package finder java stderr: [main] INFO com.ibm.dependency.PackageFinder - 15: did_you_mean unknown (dependenciesLib/jruby-complete-9.2.7.0.jar/META-INF/jruby.home/lib/ruby/gems/shared/gems/did_you_mean-1.2.0/did_you_mean.gemspec source=gemspec)\n[main] INFO com.ibm.dependency.PackageFinder -    homepage: https://github.com/yuki24/did_you_mean\n[main] INFO com.ibm.dependency.PackageFinder -    license: MIT\n[main] INFO com.ibm.dependency.PackageFinder -    related: dependenciesLib/jruby-complete-9.2.7.0.jar/META-INF/jruby.home/lib/ruby/gems/shared/gems/did_you_mean-1.2.0/did_you_mean.gemspec\n","timestamp":"2021-07-21T15:04:08.521Z"}
{"level":"debug","message":"Package finder java stderr: [main] INFO com.ibm.dependency.PackageFinder -    homepage: https://github.com/yuki24/did_you_mean\n[main] INFO com.ibm.dependency.PackageFinder -    license: MIT.freeze\n","timestamp":"2021-07-21T15:04:08.521Z"}
{"level":"debug","message":"Package finder java stderr: [main] INFO com.ibm.dependency.PackageFinder - 16: minitest 5.10.3 (dependenciesLib/jruby-complete-9.2.7.0.jar/META-INF/jruby.home/lib/ruby/gems/shared/specifications/minitest-5.10.3.gemspec source=gemspec)\n[main] INFO com.ibm.dependency.PackageFinder -    homepage: https://github.com/seattlerb/minitest\n","timestamp":"2021-07-21T15:04:08.521Z"}
{"level":"debug","message":"Package finder java stderr: [main] INFO com.ibm.dependency.PackageFinder -    license: MIT.freeze\n","timestamp":"2021-07-21T15:04:08.521Z"}
{"level":"debug","message":"Package finder java stderr: [main] INFO com.ibm.dependency.PackageFinder - 17: net-telnet 0.1.1 (dependenciesLib/jruby-complete-9.2.7.0.jar/META-INF/jruby.home/lib/ruby/gems/shared/specifications/net-telnet-0.1.1.gemspec source=gemspec)","timestamp":"2021-07-21T15:04:08.521Z"}
{"level":"debug","message":"Package finder java stderr: \n[main] INFO com.ibm.dependency.PackageFinder - 17: net-telnet unknown (dependenciesLib/jruby-complete-9.2.7.0.jar/META-INF/jruby.home/lib/ruby/gems/shared/gems/net-telnet-0.1.1/net-telnet.gemspec source=gemspec)","timestamp":"2021-07-21T15:04:08.521Z"}
{"level":"debug","message":"Package finder java stderr: \n[main] INFO com.ibm.dependency.PackageFinder -    homepage: https://github.com/ruby/net-telnet\n[main] INFO com.ibm.dependency.PackageFinder -    related: dependenciesLib/jruby-complete-9.2.7.0.jar/META-INF/jruby.home/lib/ruby/gems/shared/gems/net-telnet-0.1.1/net-telnet.gemspec\n","timestamp":"2021-07-21T15:04:08.521Z"}
{"level":"debug","message":"Package finder java stderr: [main] INFO com.ibm.dependency.PackageFinder -    homepage: https://github.com/ruby/net-telnet\n","timestamp":"2021-07-21T15:04:08.521Z"}
{"level":"debug","message":"Package finder java stderr: [main] INFO com.ibm.dependency.PackageFinder - 18: power_assert 1.1.3 (dependenciesLib/jruby-complete-9.2.7.0.jar/META-INF/jruby.home/lib/ruby/gems/shared/specifications/power_assert-1.1.3.gemspec source=gemspec)\n","timestamp":"2021-07-21T15:04:08.521Z"}
{"level":"debug","message":"Package finder java stderr: [main] INFO com.ibm.dependency.PackageFinder - 18: power_assert unknown (dependenciesLib/jruby-complete-9.2.7.0.jar/META-INF/jruby.home/lib/ruby/gems/shared/gems/power_assert-1.1.3/power_assert.gemspec source=gemspec)\n","timestamp":"2021-07-21T15:04:08.521Z"}
{"level":"debug","message":"Package finder java stderr: [main] INFO com.ibm.dependency.PackageFinder -    homepage: https://github.com/k-tsj/power_assert\n[main] INFO com.ibm.dependency.PackageFinder -    license: 2-clause BSDL, Rubys\n[main] INFO com.ibm.dependency.PackageFinder -    related: dependenciesLib/jruby-complete-9.2.7.0.jar/META-INF/jruby.home/lib/ruby/gems/shared/gems/power_assert-1.1.3/power_assert.gemspec\n[main] INFO com.ibm.dependency.PackageFinder -    homepage: https://github.com/k-tsj/power_assert\n","timestamp":"2021-07-21T15:04:08.521Z"}
{"level":"debug","message":"Package finder java stderr: [main] INFO com.ibm.dependency.PackageFinder -    license: 2-clause BSDL.freeze, Rubys.freeze\n","timestamp":"2021-07-21T15:04:08.521Z"}
{"level":"debug","message":"Package finder java stderr: [main] INFO com.ibm.dependency.PackageFinder - 19: rake 12.3.0 (dependenciesLib/jruby-complete-9.2.7.0.jar/META-INF/jruby.home/lib/ruby/gems/shared/specifications/rake-12.3.0.gemspec source=gemspec)\n","timestamp":"2021-07-21T15:04:08.521Z"}
{"level":"debug","message":"Package finder java stderr: [main] INFO com.ibm.dependency.PackageFinder - 19: rake unknown (dependenciesLib/jruby-complete-9.2.7.0.jar/META-INF/jruby.home/lib/ruby/gems/shared/gems/rake-12.3.0/rake.gemspec source=gemspec)\n","timestamp":"2021-07-21T15:04:08.522Z"}
{"level":"debug","message":"Package finder java stderr: [main] INFO com.ibm.dependency.PackageFinder -    homepage: https://github.com/ruby/rake\n","timestamp":"2021-07-21T15:04:08.522Z"}
{"level":"debug","message":"Package finder java stderr: [main] INFO com.ibm.dependency.PackageFinder -    license: MIT.freeze\n[main] INFO com.ibm.dependency.PackageFinder -    related: dependenciesLib/jruby-complete-9.2.7.0.jar/META-INF/jruby.home/lib/ruby/gems/shared/gems/rake-12.3.0/rake.gemspec\n[main] INFO com.ibm.dependency.PackageFinder -    homepage: https://github.com/ruby/rake\n","timestamp":"2021-07-21T15:04:08.522Z"}
{"level":"debug","message":"Package finder java stderr: [main] INFO com.ibm.dependency.PackageFinder -    license: MIT.freeze\n","timestamp":"2021-07-21T15:04:08.522Z"}
{"level":"debug","message":"Package finder java stderr: [main] INFO com.ibm.dependency.PackageFinder - 20: test-unit 3.2.8 (dependenciesLib/jruby-complete-9.2.7.0.jar/META-INF/jruby.home/lib/ruby/gems/shared/specifications/test-unit-3.2.8.gemspec source=gemspec)\n[main] INFO com.ibm.dependency.PackageFinder -    homepage: http://test-unit.github.io/\n[main] INFO com.ibm.dependency.PackageFinder -    license: Ruby.freeze, PSFL.freeze\n","timestamp":"2021-07-21T15:04:08.522Z"}
{"level":"debug","message":"Package finder java stderr: [main] INFO com.ibm.dependency.PackageFinder - 21: xmlrpc 0.3.0 (dependenciesLib/jruby-complete-9.2.7.0.jar/META-INF/jruby.home/lib/ruby/gems/shared/specifications/xmlrpc-0.3.0.gemspec source=gemspec)\n","timestamp":"2021-07-21T15:04:08.522Z"}
{"level":"debug","message":"Package finder java stderr: [main] INFO com.ibm.dependency.PackageFinder - 21: xmlrpc unknown (dependenciesLib/jruby-complete-9.2.7.0.jar/META-INF/jruby.home/lib/ruby/gems/shared/gems/xmlrpc-0.3.0/xmlrpc.gemspec source=gemspec)\n[main] INFO com.ibm.dependency.PackageFinder -    homepage: https://github.com/ruby/xmlrpc\n[main] INFO com.ibm.dependency.PackageFinder -    license: Ruby\n[main] INFO com.ibm.dependency.PackageFinder -    related: dependenciesLib/jruby-complete-9.2.7.0.jar/META-INF/jruby.home/lib/ruby/gems/shared/gems/xmlrpc-0.3.0/xmlrpc.gemspec\n[main] INFO com.ibm.dependency.PackageFinder -    homepage: https://github.com/ruby/xmlrpc\n","timestamp":"2021-07-21T15:04:08.522Z"}
{"level":"debug","message":"Package finder java stderr: [main] INFO com.ibm.dependency.PackageFinder -    license: Ruby.freeze\n[main] INFO com.ibm.dependency.PackageFinder - 22: jline 2.14.6 (dependenciesLib/jruby-complete-9.2.7.0.jar/META-INF/jruby.home/lib/ruby/stdlib/jline/jline/2.14.6/jline-2.14.6.jar source=pom)\n[main] INFO com.ibm.dependency.PackageFinder -    license: The BSD License: http://www.opensource.org/licenses/bsd-license.php\n[main] INFO com.ibm.dependency.PackageFinder - 23: (Filtered out) dependenciesLib/jruby-complete-9.2.7.0.jar/META-INF/jruby.home/lib/ruby/stdlib/jline/jline/2.14.6/jline-2.14.6.jar/META-INF/native/windows32/jansi.dll\n[main] INFO com.ibm.dependency.PackageFinder - 24: (Filtered out) dependenciesLib/jruby-complete-9.2.7.0.jar/META-INF/jruby.home/lib/ruby/stdlib/jline/jline/2.14.6/jline-2.14.6.jar/META-INF/native/windows64/jansi.dll\n[main] INFO com.ibm.dependency.PackageFinder - 25: jruby-openssl 0.10.2 (dependenciesLib/jruby-complete-9.2.7.0.jar/META-INF/jruby.home/lib/ruby/stdlib/jopenssl.jar source=pom)\n[main] INFO com.ibm.dependency.PackageFinder -    homepage: https://github.com/jruby/jruby-openssl\n[main] INFO com.ibm.dependency.PackageFinder -    license: EPL-1.0: http://opensource.org/licenses/EPL-1.0\nGPL-2.0: http://opensource.org/licenses/GPL-2.0\nLGPL-2.1: http://opensource.org/licenses/LGPL-2.1\n[main] INFO com.ibm.dependency.PackageFinder - 26: generator unknown (dependenciesLib/jruby-complete-9.2.7.0.jar/META-INF/jruby.home/lib/ruby/stdlib/json/ext/generator.jar source=file)\n","timestamp":"2021-07-21T15:04:08.523Z"}
{"level":"debug","message":"Package finder java stderr: [main] INFO com.ibm.dependency.PackageFinder - 27: parser unknown (dependenciesLib/jruby-complete-9.2.7.0.jar/META-INF/jruby.home/lib/ruby/stdlib/json/ext/parser.jar source=file)\n","timestamp":"2021-07-21T15:04:08.523Z"}
{"level":"debug","message":"Package finder java stderr: [main] INFO com.ibm.dependency.PackageFinder - 28: bcpkix-jdk15on 1.61 (dependenciesLib/jruby-complete-9.2.7.0.jar/META-INF/jruby.home/lib/ruby/stdlib/org/bouncycastle/bcpkix-jdk15on/1.61/bcpkix-jdk15on-1.61.jar source=file)\n","timestamp":"2021-07-21T15:04:08.523Z"}
{"level":"debug","message":"Package finder java stderr: [main] INFO com.ibm.dependency.PackageFinder - 29: bcprov-jdk15on 1.61 (dependenciesLib/jruby-complete-9.2.7.0.jar/META-INF/jruby.home/lib/ruby/stdlib/org/bouncycastle/bcprov-jdk15on/1.61/bcprov-jdk15on-1.61.jar source=file)\n","timestamp":"2021-07-21T15:04:08.523Z"}
{"level":"debug","message":"Package finder java stderr: [main] INFO com.ibm.dependency.PackageFinder - 30: bctls-jdk15on 1.61 (dependenciesLib/jruby-complete-9.2.7.0.jar/META-INF/jruby.home/lib/ruby/stdlib/org/bouncycastle/bctls-jdk15on/1.61/bctls-jdk15on-1.61.jar source=file)\n","timestamp":"2021-07-21T15:04:08.524Z"}
{"level":"debug","message":"Package finder java stderr: [main] INFO com.ibm.dependency.PackageFinder - 31: snakeyaml 1.23 (dependenciesLib/jruby-complete-9.2.7.0.jar/META-INF/jruby.home/lib/ruby/stdlib/org/yaml/snakeyaml/1.23/snakeyaml-1.23.jar source=pom)\n[main] INFO com.ibm.dependency.PackageFinder -    homepage: http://www.snakeyaml.org\n[main] INFO com.ibm.dependency.PackageFinder -    license: Apache License, Version 2.0: http://www.apache.org/licenses/LICENSE-2.0.txt\n[main] INFO com.ibm.dependency.PackageFinder - 32: psych unknown (dependenciesLib/jruby-complete-9.2.7.0.jar/META-INF/jruby.home/lib/ruby/stdlib/psych.jar source=file)\n","timestamp":"2021-07-21T15:04:08.524Z"}
{"level":"debug","message":"Package finder java stderr: [main] INFO com.ibm.dependency.PackageFinder - 33: cparse-jruby unknown (dependenciesLib/jruby-complete-9.2.7.0.jar/META-INF/jruby.home/lib/ruby/stdlib/racc/cparse-jruby.jar source=file)\n","timestamp":"2021-07-21T15:04:08.524Z"}
{"level":"debug","message":"Package finder java stderr: [main] INFO com.ibm.dependency.PackageFinder - 34: jruby-readline 1.3.7 (dependenciesLib/jruby-complete-9.2.7.0.jar/META-INF/jruby.home/lib/ruby/stdlib/readline.jar source=pom)\n[main] INFO com.ibm.dependency.PackageFinder -    homepage: https://github.com/jruby/jruby\n[main] INFO com.ibm.dependency.PackageFinder -    license: EPL-1.0: http://opensource.org/licenses/EPL-1.0\nGPL-2.0: http://opensource.org/licenses/GPL-2.0\nLGPL-2.1: http://opensource.org/licenses/LGPL-2.1","timestamp":"2021-07-21T15:04:08.524Z"}
{"level":"debug","message":"Package finder java stderr: \n[main] INFO com.ibm.dependency.PackageFinder - 35: jffi 1.2.18 (dependenciesLib/jruby-complete-9.2.7.0.jar/META-INF/maven/com.github.jnr/jffi/pom.xml source=pom)\n[main] INFO com.ibm.dependency.PackageFinder -    homepage: http://github.com/jnr/jffi\n","timestamp":"2021-07-21T15:04:08.524Z"}
{"level":"debug","message":"Package finder java stderr: [main] INFO com.ibm.dependency.PackageFinder -    license: The Apache Software License, Version 2.0: http://www.apache.org/licenses/LICENSE-2.0.txt\n[main] INFO com.ibm.dependency.PackageFinder - 36: jnr-constants 0.9.12 (dependenciesLib/jruby-complete-9.2.7.0.jar/META-INF/maven/com.github.jnr/jnr-constants/pom.xml source=pom)\n[main] INFO com.ibm.dependency.PackageFinder -    homepage: http://github.com/jnr/jnr-constants\n[main] INFO com.ibm.dependency.PackageFinder -    license: The Apache Software License, Version 2.0: http://www.apache.org/licenses/LICENSE-2.0.txt\n","timestamp":"2021-07-21T15:04:08.524Z"}
{"level":"debug","message":"Package finder java stderr: [main] INFO com.ibm.dependency.PackageFinder - 37: jnr-enxio 0.19 (dependenciesLib/jruby-complete-9.2.7.0.jar/META-INF/maven/com.github.jnr/jnr-enxio/pom.xml source=pom)\n[main] INFO com.ibm.dependency.PackageFinder -    homepage: http://github.com/jnr/jnr-enxio\n[main] INFO com.ibm.dependency.PackageFinder -    license: The Apache Software License, Version 2.0: http://www.apache.org/licenses/LICENSE-2.0.txt\n","timestamp":"2021-07-21T15:04:08.525Z"}
{"level":"debug","message":"Package finder java stderr: [main] INFO com.ibm.dependency.PackageFinder - 38: jnr-ffi 2.1.9 (dependenciesLib/jruby-complete-9.2.7.0.jar/META-INF/maven/com.github.jnr/jnr-ffi/pom.xml source=pom)\n[main] INFO com.ibm.dependency.PackageFinder -    homepage: http://github.com/jnr/jnr-ffi\n[main] INFO com.ibm.dependency.PackageFinder -    license: The Apache Software License, Version 2.0: http://www.apache.org/licenses/LICENSE-2.0.txt\n","timestamp":"2021-07-21T15:04:08.525Z"}
{"level":"debug","message":"Package finder java stderr: [main] INFO com.ibm.dependency.PackageFinder - 39: jnr-netdb 1.1.6 (dependenciesLib/jruby-complete-9.2.7.0.jar/META-INF/maven/com.github.jnr/jnr-netdb/pom.xml source=pom)\n[main] INFO com.ibm.dependency.PackageFinder -    homepage: http://github.com/jnr/jnr-netdb\n[main] INFO com.ibm.dependency.PackageFinder -    license: The Apache Software License, Version 2.0: http://www.apache.org/licenses/LICENSE-2.0.txt\n","timestamp":"2021-07-21T15:04:08.525Z"}
{"level":"debug","message":"Package finder java stderr: [main] INFO com.ibm.dependency.PackageFinder - 40: jnr-posix 3.0.49 (dependenciesLib/jruby-complete-9.2.7.0.jar/META-INF/maven/com.github.jnr/jnr-posix/pom.xml source=pom)\n[main] INFO com.ibm.dependency.PackageFinder -    license: Eclipse Public License - v 2.0: https://www.eclipse.org/legal/epl-2.0/\nGNU General Public License Version 2: http://www.gnu.org/copyleft/gpl.html\nGNU Lesser General Public License Version 2.1: http://www.gnu.org/licenses/lgpl.html\n","timestamp":"2021-07-21T15:04:08.525Z"}
{"level":"debug","message":"Package finder java stderr: [main] INFO com.ibm.dependency.PackageFinder - 41: jnr-unixsocket 0.20 (dependenciesLib/jruby-complete-9.2.7.0.jar/META-INF/maven/com.github.jnr/jnr-unixsocket/pom.xml source=pom)\n","timestamp":"2021-07-21T15:04:08.525Z"}
{"level":"debug","message":"Package finder java stderr: [main] INFO com.ibm.dependency.PackageFinder -    homepage: http://github.com/jnr/jnr-unixsocket\n[main] INFO com.ibm.dependency.PackageFinder -    license: The Apache Software License, Version 2.0: http://www.apache.org/licenses/LICENSE-2.0.txt\n","timestamp":"2021-07-21T15:04:08.525Z"}
{"level":"debug","message":"Package finder java stderr: [main] INFO com.ibm.dependency.PackageFinder - 42: backport9 1.2 (dependenciesLib/jruby-complete-9.2.7.0.jar/META-INF/maven/com.headius/backport9/pom.xml source=pom)\n[main] INFO com.ibm.dependency.PackageFinder -    license: The Apache Software License, Version 2.0: http://www.apache.org/licenses/LICENSE-2.0.txt","timestamp":"2021-07-21T15:04:08.525Z"}
{"level":"debug","message":"Package finder java stderr: \n[main] INFO com.ibm.dependency.PackageFinder - 43: invokebinder 1.11 (dependenciesLib/jruby-complete-9.2.7.0.jar/META-INF/maven/com.headius/invokebinder/pom.xml source=pom)\n","timestamp":"2021-07-21T15:04:08.525Z"}
{"level":"debug","message":"Package finder java stderr: [main] INFO com.ibm.dependency.PackageFinder -    homepage: http://maven.apache.org\n[main] INFO com.ibm.dependency.PackageFinder -    license: The Apache Software License, Version 2.0: http://www.apache.org/licenses/LICENSE-2.0.txt\n[main] INFO com.ibm.dependency.PackageFinder - 44: options 1.4 (dependenciesLib/jruby-complete-9.2.7.0.jar/META-INF/maven/com.headius/options/pom.xml source=pom)\n","timestamp":"2021-07-21T15:04:08.526Z"}
{"level":"debug","message":"Package finder java stderr: [main] INFO com.ibm.dependency.PackageFinder -    homepage: https://github.com/headius/options\n[main] INFO com.ibm.dependency.PackageFinder -    license: The Apache Software License, Version 2.0: http://www.apache.org/licenses/LICENSE-2.0.txt\n[main] INFO com.ibm.dependency.PackageFinder - 45: jzlib 1.1.3 (dependenciesLib/jruby-complete-9.2.7.0.jar/META-INF/maven/com.jcraft/jzlib/pom.xml source=pom)\n","timestamp":"2021-07-21T15:04:08.526Z"}
{"level":"debug","message":"Package finder java stderr: [main] INFO com.ibm.dependency.PackageFinder -    homepage: http://www.jcraft.com/jzlib/\n[main] INFO com.ibm.dependency.PackageFinder -    license: BSD: http://www.jcraft.com/jzlib/LICENSE.txt\n","timestamp":"2021-07-21T15:04:08.526Z"}
{"level":"debug","message":"Package finder java stderr: [main] INFO com.ibm.dependency.PackageFinder - 46: nailgun-server 0.9.1 (dependenciesLib/jruby-complete-9.2.7.0.jar/META-INF/maven/com.martiansoftware/nailgun-server/pom.xml source=pom)\n[main] INFO com.ibm.dependency.PackageFinder -    homepage: http://martiansoftware.com/nailgun\n","timestamp":"2021-07-21T15:04:08.526Z"}
{"level":"debug","message":"Package finder java stderr: [main] INFO com.ibm.dependency.PackageFinder - 47: joda-time 2.9.9 (dependenciesLib/jruby-complete-9.2.7.0.jar/META-INF/maven/joda-time/joda-time/pom.xml source=pom)\n[main] INFO com.ibm.dependency.PackageFinder -    homepage: http://www.joda.org/joda-time/\n","timestamp":"2021-07-21T15:04:08.526Z"}
{"level":"debug","message":"Package finder java stderr: [main] INFO com.ibm.dependency.PackageFinder -    license: Apache 2: http://www.apache.org/licenses/LICENSE-2.0.txt\n[main] INFO com.ibm.dependency.PackageFinder - 48: jitescript 0.4.1 (dependenciesLib/jruby-complete-9.2.7.0.jar/META-INF/maven/me.qmx.jitescript/jitescript/pom.xml source=pom)\n","timestamp":"2021-07-21T15:04:08.526Z"}
{"level":"debug","message":"Package finder java stderr: [main] INFO com.ibm.dependency.PackageFinder -    homepage: https://github.com/qmx/jitescript\n[main] INFO com.ibm.dependency.PackageFinder -    license: The Apache Software License, Version 2.0: http://www.apache.org/licenses/LICENSE-2.0.txt\n","timestamp":"2021-07-21T15:04:08.526Z"}
{"level":"debug","message":"Package finder java stderr: [main] INFO com.ibm.dependency.PackageFinder - 49: joni 2.1.26 (dependenciesLib/jruby-complete-9.2.7.0.jar/META-INF/maven/org.jruby.joni/joni/pom.xml source=pom)\n","timestamp":"2021-07-21T15:04:08.526Z"}
{"level":"debug","message":"Package finder java stderr: [main] INFO com.ibm.dependency.PackageFinder -    license: MIT License: http://www.opensource.org/licenses/mit-license.php\n","timestamp":"2021-07-21T15:04:08.526Z"}
{"level":"debug","message":"Package finder java stderr: [main] INFO com.ibm.dependency.PackageFinder - 50: junit 4.12 (dependenciesLib/junit-4.12.jar source=file)\n","timestamp":"2021-07-21T15:04:08.527Z"}
{"level":"debug","message":"Package finder java stderr: [main] INFO com.ibm.dependency.PackageFinder - 51: log4j-core 2.13.3 (dependenciesLib/log4j-core-2.13.3.jar source=pom)\n","timestamp":"2021-07-21T15:04:08.527Z"}
{"level":"debug","message":"Package finder java stderr: [main] INFO com.ibm.dependency.PackageFinder - 51: log4j-api 2.13.3 (dependenciesLib/log4j-api-2.13.3.jar source=pom)\n","timestamp":"2021-07-21T15:04:08.527Z"}
{"level":"debug","message":"Package finder java stderr: [main] INFO com.ibm.dependency.PackageFinder -    homepage: https://logging.apache.org/log4j/2.x/log4j-api/\n[main] INFO com.ibm.dependency.PackageFinder -    license: https://www.apache.org/licenses/LICENSE-2.0.txt\n[main] INFO com.ibm.dependency.PackageFinder -    related: dependenciesLib/log4j-api-2.13.3.jar\n","timestamp":"2021-07-21T15:04:08.527Z"}
{"level":"debug","message":"Package finder java stderr: [main] INFO com.ibm.dependency.PackageFinder -    homepage: https://logging.apache.org/log4j/2.x/log4j-core/\n[main] INFO com.ibm.dependency.PackageFinder -    license: https://www.apache.org/licenses/LICENSE-2.0.txt\n","timestamp":"2021-07-21T15:04:08.527Z"}
{"level":"debug","message":"Package finder java stderr: [main] INFO com.ibm.dependency.PackageFinder - 52: logstash-core 7.5.2 (dependenciesLib/logstash-core-7.5.2.jar source=file)\n","timestamp":"2021-07-21T15:04:08.527Z"}
{"level":"debug","message":"Package finder java stderr: [main] INFO com.ibm.dependency.PackageFinder - 53: gradle-wrapper 4.10 (gradle/wrapper/gradle-wrapper.jar source=file)\n","timestamp":"2021-07-21T15:04:08.527Z"}
{"level":"debug","message":"Package finder java stderr: [main] INFO com.ibm.dependency.PackageFinder - Total sorted package paths: \n[main] INFO com.ibm.dependency.PackageFinder -    48: dependenciesLib/commons-beanutils-1.8.3.jar (commons-beanutils 1.8.3)\n","timestamp":"2021-07-21T15:04:08.527Z"}
{"level":"debug","message":"Package finder java stderr: [main] INFO com.ibm.dependency.PackageFinder -    47: dependenciesLib/commons-collections-3.2.1.jar (commons-collections 3.2.1)","timestamp":"2021-07-21T15:04:08.527Z"}
{"level":"debug","message":"Package finder java stderr: [main] INFO com.ibm.dependency.PackageFinder -    46: dependenciesLib/commons-digester-1.8.1.jar (commons-digester 1.8.1)\n","timestamp":"2021-07-21T15:04:08.528Z"}
{"level":"debug","message":"Package finder java stderr: [main] INFO com.ibm.dependency.PackageFinder -    45: dependenciesLib/commons-lang3-3.7.jar (commons-lang3 3.7)\n","timestamp":"2021-07-21T15:04:08.528Z"}
{"level":"debug","message":"Package finder java stderr: [main] INFO com.ibm.dependency.PackageFinder -    44: dependenciesLib/commons-logging-1.2.jar (commons-logging 1.2)\n","timestamp":"2021-07-21T15:04:08.528Z"}
{"level":"debug","message":"Package finder java stderr: [main] INFO com.ibm.dependency.PackageFinder -    43: dependenciesLib/commons-validator-1.4.1.jar (commons-validator 1.4.1)\n","timestamp":"2021-07-21T15:04:08.528Z"}
{"level":"debug","message":"Package finder java stderr: [main] INFO com.ibm.dependency.PackageFinder -    42: dependenciesLib/gson-2.8.6.jar (gson 2.8.6)\n","timestamp":"2021-07-21T15:04:08.528Z"}
{"level":"debug","message":"Package finder java stderr: [main] INFO com.ibm.dependency.PackageFinder -    41: dependenciesLib/hamcrest-core-1.3.jar (hamcrest-core 1.3)\n","timestamp":"2021-07-21T15:04:08.528Z"}
{"level":"debug","message":"Package finder java stderr: [main] INFO com.ibm.dependency.PackageFinder -    40: dependenciesLib/jruby-complete-9.2.7.0.jar (jruby-complete 9.2.7.0)\n","timestamp":"2021-07-21T15:04:08.528Z"}
{"level":"debug","message":"Package finder java stderr: [main] INFO com.ibm.dependency.PackageFinder -    39: dependenciesLib/jruby-complete-9.2.7.0.jar/META-INF/jruby.home/lib/ruby/gems/shared/gems/bundler-1.16.6 (bundler 1.16.6)\n","timestamp":"2021-07-21T15:04:08.529Z"}
{"level":"debug","message":"Package finder java stderr: [main] INFO com.ibm.dependency.PackageFinder -    38: dependenciesLib/jruby-complete-9.2.7.0.jar/META-INF/jruby.home/lib/ruby/gems/shared/gems/did_you_mean-1.2.0 (did_you_mean 1.2.0)\n","timestamp":"2021-07-21T15:04:08.529Z"}
{"level":"debug","message":"Package finder java stderr: [main] INFO com.ibm.dependency.PackageFinder -    37: dependenciesLib/jruby-complete-9.2.7.0.jar/META-INF/jruby.home/lib/ruby/gems/shared/gems/minitest-5.10.3 (minitest 5.10.3)\n[main] INFO com.ibm.dependency.PackageFinder -    36: dependenciesLib/jruby-complete-9.2.7.0.jar/META-INF/jruby.home/lib/ruby/gems/shared/gems/net-telnet-0.1.1 (net-telnet 0.1.1)\n","timestamp":"2021-07-21T15:04:08.529Z"}
{"level":"debug","message":"Package finder java stderr: [main] INFO com.ibm.dependency.PackageFinder -    35: dependenciesLib/jruby-complete-9.2.7.0.jar/META-INF/jruby.home/lib/ruby/gems/shared/gems/power_assert-1.1.3 (power_assert 1.1.3)\n[main] INFO com.ibm.dependency.PackageFinder -    34: dependenciesLib/jruby-complete-9.2.7.0.jar/META-INF/jruby.home/lib/ruby/gems/shared/gems/rake-12.3.0 (rake 12.3.0)\n","timestamp":"2021-07-21T15:04:08.529Z"}
{"level":"debug","message":"Package finder java stderr: [main] INFO com.ibm.dependency.PackageFinder -    33: dependenciesLib/jruby-complete-9.2.7.0.jar/META-INF/jruby.home/lib/ruby/gems/shared/gems/test-unit-3.2.8 (test-unit 3.2.8)\n[main] INFO com.ibm.dependency.PackageFinder -    32: dependenciesLib/jruby-complete-9.2.7.0.jar/META-INF/jruby.home/lib/ruby/gems/shared/gems/xmlrpc-0.3.0 (xmlrpc 0.3.0)\n","timestamp":"2021-07-21T15:04:08.529Z"}
{"level":"debug","message":"Package finder java stderr: [main] INFO com.ibm.dependency.PackageFinder -    31: dependenciesLib/jruby-complete-9.2.7.0.jar/META-INF/jruby.home/lib/ruby/gems/shared/specifications/default (webrick 1.4.2)\n[main] INFO com.ibm.dependency.PackageFinder -    30: dependenciesLib/jruby-complete-9.2.7.0.jar/META-INF/jruby.home/lib/ruby/stdlib/jline/jline/2.14.6/jline-2.14.6.jar (jline 2.14.6)\n","timestamp":"2021-07-21T15:04:08.530Z"}
{"level":"debug","message":"Package finder java stderr: [main] INFO com.ibm.dependency.PackageFinder -    29: dependenciesLib/jruby-complete-9.2.7.0.jar/META-INF/jruby.home/lib/ruby/stdlib/jopenssl.jar (jruby-openssl 0.10.2)\n[main] INFO com.ibm.dependency.PackageFinder -    28: dependenciesLib/jruby-complete-9.2.7.0.jar/META-INF/jruby.home/lib/ruby/stdlib/json/ext/generator.jar (generator unknown)\n[main] INFO com.ibm.dependency.PackageFinder -    27: dependenciesLib/jruby-complete-9.2.7.0.jar/META-INF/jruby.home/lib/ruby/stdlib/json/ext/parser.jar (parser unknown)\n[main] INFO com.ibm.dependency.PackageFinder -    26: dependenciesLib/jruby-complete-9.2.7.0.jar/META-INF/jruby.home/lib/ruby/stdlib/org/bouncycastle/bcpkix-jdk15on/1.61/bcpkix-jdk15on-1.61.jar (bcpkix-jdk15on 1.61)\n","timestamp":"2021-07-21T15:04:08.530Z"}
{"level":"debug","message":"Package finder java stderr: [main] INFO com.ibm.dependency.PackageFinder -    25: dependenciesLib/jruby-complete-9.2.7.0.jar/META-INF/jruby.home/lib/ruby/stdlib/org/bouncycastle/bcprov-jdk15on/1.61/bcprov-jdk15on-1.61.jar (bcprov-jdk15on 1.61)\n[main] INFO com.ibm.dependency.PackageFinder -    24: dependenciesLib/jruby-complete-9.2.7.0.jar/META-INF/jruby.home/lib/ruby/stdlib/org/bouncycastle/bctls-jdk15on/1.61/bctls-jdk15on-1.61.jar (bctls-jdk15on 1.61)\n[main] INFO com.ibm.dependency.PackageFinder -    23: dependenciesLib/jruby-complete-9.2.7.0.jar/META-INF/jruby.home/lib/ruby/stdlib/org/yaml/snakeyaml/1.23/snakeyaml-1.23.jar (snakeyaml 1.23)\n","timestamp":"2021-07-21T15:04:08.530Z"}
{"level":"debug","message":"Package finder java stderr: [main] INFO com.ibm.dependency.PackageFinder -    22: dependenciesLib/jruby-complete-9.2.7.0.jar/META-INF/jruby.home/lib/ruby/stdlib/psych.jar (psych unknown)\n[main] INFO com.ibm.dependency.PackageFinder -    21: dependenciesLib/jruby-complete-9.2.7.0.jar/META-INF/jruby.home/lib/ruby/stdlib/racc/cparse-jruby.jar (cparse-jruby unknown)\n[main] INFO com.ibm.dependency.PackageFinder -    20: dependenciesLib/jruby-complete-9.2.7.0.jar/META-INF/jruby.home/lib/ruby/stdlib/readline.jar (jruby-readline 1.3.7)\n","timestamp":"2021-07-21T15:04:08.530Z"}
{"level":"debug","message":"Package finder java stderr: [main] INFO com.ibm.dependency.PackageFinder -    19: dependenciesLib/jruby-complete-9.2.7.0.jar/META-INF/maven/com.github.jnr/jffi (jffi 1.2.18)\n[main] INFO com.ibm.dependency.PackageFinder -    18: dependenciesLib/jruby-complete-9.2.7.0.jar/META-INF/maven/com.github.jnr/jnr-constants (jnr-constants 0.9.12)\n[main] INFO com.ibm.dependency.PackageFinder -    17: dependenciesLib/jruby-complete-9.2.7.0.jar/META-INF/maven/com.github.jnr/jnr-enxio (jnr-enxio 0.19)\n","timestamp":"2021-07-21T15:04:08.530Z"}
{"level":"debug","message":"Package finder java stderr: [main] INFO com.ibm.dependency.PackageFinder -    16: dependenciesLib/jruby-complete-9.2.7.0.jar/META-INF/maven/com.github.jnr/jnr-ffi (jnr-ffi 2.1.9)\n[main] INFO com.ibm.dependency.PackageFinder -    15: dependenciesLib/jruby-complete-9.2.7.0.jar/META-INF/maven/com.github.jnr/jnr-netdb (jnr-netdb 1.1.6)\n[main] INFO com.ibm.dependency.PackageFinder -    14: dependenciesLib/jruby-complete-9.2.7.0.jar/META-INF/maven/com.github.jnr/jnr-posix (jnr-posix 3.0.49)\n[main] INFO com.ibm.dependency.PackageFinder -    13: dependenciesLib/jruby-complete-9.2.7.0.jar/META-INF/maven/com.github.jnr/jnr-unixsocket (jnr-unixsocket 0.20)\n","timestamp":"2021-07-21T15:04:08.530Z"}
{"level":"debug","message":"Package finder java stderr: [main] INFO com.ibm.dependency.PackageFinder -    12: dependenciesLib/jruby-complete-9.2.7.0.jar/META-INF/maven/com.headius/backport9 (backport9 1.2)\n[main] INFO com.ibm.dependency.PackageFinder -    11: dependenciesLib/jruby-complete-9.2.7.0.jar/META-INF/maven/com.headius/invokebinder (invokebinder 1.11)\n[main] INFO com.ibm.dependency.PackageFinder -    10: dependenciesLib/jruby-complete-9.2.7.0.jar/META-INF/maven/com.headius/options (options 1.4)\n[main] INFO com.ibm.dependency.PackageFinder -    9: dependenciesLib/jruby-complete-9.2.7.0.jar/META-INF/maven/com.jcraft/jzlib (jzlib 1.1.3)\n[main] INFO com.ibm.dependency.PackageFinder -    8: dependenciesLib/jruby-complete-9.2.7.0.jar/META-INF/maven/com.martiansoftware/nailgun-server (nailgun-server 0.9.1)\n","timestamp":"2021-07-21T15:04:08.530Z"}
{"level":"debug","message":"Package finder java stderr: [main] INFO com.ibm.dependency.PackageFinder -    7: dependenciesLib/jruby-complete-9.2.7.0.jar/META-INF/maven/joda-time/joda-time (joda-time 2.9.9)\n[main] INFO com.ibm.dependency.PackageFinder -    6: dependenciesLib/jruby-complete-9.2.7.0.jar/META-INF/maven/me.qmx.jitescript/jitescript (jitescript 0.4.1)\n[main] INFO com.ibm.dependency.PackageFinder -    5: dependenciesLib/jruby-complete-9.2.7.0.jar/META-INF/maven/org.jruby.joni/joni (joni 2.1.26)\n[main] INFO com.ibm.dependency.PackageFinder -    4: dependenciesLib/junit-4.12.jar (junit 4.12)\n[main] INFO com.ibm.dependency.PackageFinder -    3: dependenciesLib/log4j-core-2.13.3.jar (log4j-core 2.13.3)\n[main] INFO com.ibm.dependency.PackageFinder -    2: dependenciesLib/logstash-core-7.5.2.jar (logstash-core 7.5.2)\n[main] INFO com.ibm.dependency.PackageFinder -    1: gradle/wrapper/gradle-wrapper.jar (gradle-wrapper 4.10)\n","timestamp":"2021-07-21T15:04:08.530Z"}
{"level":"debug","message":"Package finder java stderr: [main] INFO com.ibm.dependency.PackageFinder - Final dependencies count: 13\n","timestamp":"2021-07-21T15:04:08.532Z"}
{"level":"debug","message":"Package finder java stderr: [main] INFO com.ibm.dependency.PackageFinder - Writing to JSON output file: package-finder-output_df8a64c0-ea34-11eb-83e0-6d794dd23dea\n","timestamp":"2021-07-21T15:04:08.532Z"}
{"level":"debug","message":"Package finder java stderr: [main] INFO com.ibm.dependency.PackageFinder - Done writing to JSON output file: package-finder-output_df8a64c0-ea34-11eb-83e0-6d794dd23dea\n","timestamp":"2021-07-21T15:04:08.540Z"}
{"level":"debug","message":"Package finder java process closed with code: 0","timestamp":"2021-07-21T15:04:08.557Z"}
{"level":"debug","message":"Processing packages found from output file: package-finder-output_df8a64c0-ea34-11eb-83e0-6d794dd23dea","timestamp":"2021-07-21T15:04:08.557Z"}
{"level":"debug","message":"processing package: dependenciesLib/commons-beanutils-1.8.3.jar","timestamp":"2021-07-21T15:04:08.558Z"}
{"level":"debug","message":"processing package: dependenciesLib/commons-collections-3.2.1.jar","timestamp":"2021-07-21T15:04:08.559Z"}
{"level":"debug","message":"processing package: dependenciesLib/commons-digester-1.8.1.jar","timestamp":"2021-07-21T15:04:08.559Z"}
{"level":"debug","message":"processing package: dependenciesLib/commons-lang3-3.7.jar","timestamp":"2021-07-21T15:04:08.559Z"}
{"level":"debug","message":"processing package: dependenciesLib/commons-logging-1.2.jar","timestamp":"2021-07-21T15:04:08.559Z"}
{"level":"debug","message":"processing package: dependenciesLib/commons-validator-1.4.1.jar","timestamp":"2021-07-21T15:04:08.559Z"}
{"level":"debug","message":"processing package: dependenciesLib/gson-2.8.6.jar","timestamp":"2021-07-21T15:04:08.559Z"}
{"level":"debug","message":"processing package: dependenciesLib/hamcrest-core-1.3.jar","timestamp":"2021-07-21T15:04:08.559Z"}
{"level":"debug","message":"processing package: dependenciesLib/jruby-complete-9.2.7.0.jar","timestamp":"2021-07-21T15:04:08.559Z"}
{"level":"debug","message":"processing package: dependenciesLib/jruby-complete-9.2.7.0.jar/META-INF/jruby.home/lib/ruby/stdlib/jline/jline/2.14.6/jline-2.14.6.jar","timestamp":"2021-07-21T15:04:08.559Z"}
{"level":"debug","message":"processing package: dependenciesLib/jruby-complete-9.2.7.0.jar/META-INF/jruby.home/lib/ruby/stdlib/jopenssl.jar","timestamp":"2021-07-21T15:04:08.559Z"}
{"level":"debug","message":"processing package: dependenciesLib/jruby-complete-9.2.7.0.jar/META-INF/jruby.home/lib/ruby/stdlib/json/ext/generator.jar","timestamp":"2021-07-21T15:04:08.559Z"}
{"level":"debug","message":"processing package: dependenciesLib/jruby-complete-9.2.7.0.jar/META-INF/jruby.home/lib/ruby/stdlib/json/ext/parser.jar","timestamp":"2021-07-21T15:04:08.559Z"}
{"level":"debug","message":"processing package: dependenciesLib/jruby-complete-9.2.7.0.jar/META-INF/jruby.home/lib/ruby/stdlib/org/bouncycastle/bcpkix-jdk15on/1.61/bcpkix-jdk15on-1.61.jar","timestamp":"2021-07-21T15:04:08.559Z"}
{"level":"debug","message":"processing package: dependenciesLib/jruby-complete-9.2.7.0.jar/META-INF/jruby.home/lib/ruby/stdlib/org/bouncycastle/bcprov-jdk15on/1.61/bcprov-jdk15on-1.61.jar","timestamp":"2021-07-21T15:04:08.559Z"}
{"level":"debug","message":"processing package: dependenciesLib/jruby-complete-9.2.7.0.jar/META-INF/jruby.home/lib/ruby/stdlib/org/bouncycastle/bctls-jdk15on/1.61/bctls-jdk15on-1.61.jar","timestamp":"2021-07-21T15:04:08.559Z"}
{"level":"debug","message":"processing package: dependenciesLib/jruby-complete-9.2.7.0.jar/META-INF/jruby.home/lib/ruby/stdlib/org/yaml/snakeyaml/1.23/snakeyaml-1.23.jar","timestamp":"2021-07-21T15:04:08.559Z"}
{"level":"debug","message":"processing package: dependenciesLib/jruby-complete-9.2.7.0.jar/META-INF/jruby.home/lib/ruby/stdlib/psych.jar","timestamp":"2021-07-21T15:04:08.559Z"}
{"level":"debug","message":"processing package: dependenciesLib/jruby-complete-9.2.7.0.jar/META-INF/jruby.home/lib/ruby/stdlib/racc/cparse-jruby.jar","timestamp":"2021-07-21T15:04:08.560Z"}
{"level":"debug","message":"processing package: dependenciesLib/jruby-complete-9.2.7.0.jar/META-INF/jruby.home/lib/ruby/stdlib/readline.jar","timestamp":"2021-07-21T15:04:08.560Z"}
{"level":"debug","message":"processing package: dependenciesLib/junit-4.12.jar","timestamp":"2021-07-21T15:04:08.560Z"}
{"level":"debug","message":"processing package: dependenciesLib/log4j-core-2.13.3.jar","timestamp":"2021-07-21T15:04:08.560Z"}
{"level":"debug","message":"processing related package: dependenciesLib/log4j-api-2.13.3.jar","timestamp":"2021-07-21T15:04:08.560Z"}
{"level":"debug","message":"processing package: dependenciesLib/logstash-core-7.5.2.jar","timestamp":"2021-07-21T15:04:08.560Z"}
{"level":"debug","message":"processing package: gradle/wrapper/gradle-wrapper.jar","timestamp":"2021-07-21T15:04:08.560Z"}
{"level":"info","message":"Package finder finished successfully. Consolidated to 24 packages out of 49 total packages identified.","timestamp":"2021-07-21T15:04:08.560Z"}
{"level":"debug","message":"Depth-Finder: completed PID_1 phase without an error","timestamp":"2021-07-21T15:04:08.560Z"}
{"level":"debug","message":"Depth-Finder: started PID_2 phase","timestamp":"2021-07-21T15:04:08.560Z"}
{"level":"debug","message":"Depth-Finder: License Scanner Plugin - PID_2","timestamp":"2021-07-21T15:04:08.561Z"}
{"level":"debug","message":"Wild had a problem with/Users/oferhaim/IdeaProjects/github.ibm.com/Activity-Insights/universal-connectors/filter-plugin/logstash-filter-hdfs-guardium/.gradle/4.10/gc.properties. Error: Invalid text. (Null or empty)","timestamp":"2021-07-21T15:04:08.832Z"}
{"level":"debug","message":"Wild had a problem with/Users/oferhaim/IdeaProjects/github.ibm.com/Activity-Insights/universal-connectors/filter-plugin/logstash-filter-hdfs-guardium/.gradle/4.10/fileChanges/last-build.bin. Error: Invalid text. (Binary)","timestamp":"2021-07-21T15:04:08.833Z"}
{"level":"debug","message":"Wild had a problem with/Users/oferhaim/IdeaProjects/github.ibm.com/Activity-Insights/universal-connectors/filter-plugin/logstash-filter-hdfs-guardium/.gradle/4.10/fileContent/annotation-processors.bin. Error: Invalid text. (Binary)","timestamp":"2021-07-21T15:04:08.834Z"}
{"level":"debug","message":"Wild had a problem with/Users/oferhaim/IdeaProjects/github.ibm.com/Activity-Insights/universal-connectors/filter-plugin/logstash-filter-hdfs-guardium/.gradle/4.10/fileContent/fileContent.lock. Error: Invalid text. (Binary)","timestamp":"2021-07-21T15:04:08.835Z"}
{"level":"debug","message":"Wild had a problem with/Users/oferhaim/IdeaProjects/github.ibm.com/Activity-Insights/universal-connectors/filter-plugin/logstash-filter-hdfs-guardium/.gradle/4.10/fileHashes/fileHashes.bin. Error: Invalid text. (Binary)","timestamp":"2021-07-21T15:04:08.837Z"}
{"level":"debug","message":"Wild had a problem with/Users/oferhaim/IdeaProjects/github.ibm.com/Activity-Insights/universal-connectors/filter-plugin/logstash-filter-hdfs-guardium/.gradle/4.10/fileHashes/fileHashes.lock. Error: Invalid text. (Binary)","timestamp":"2021-07-21T15:04:08.838Z"}
{"level":"debug","message":"Wild had a problem with/Users/oferhaim/IdeaProjects/github.ibm.com/Activity-Insights/universal-connectors/filter-plugin/logstash-filter-hdfs-guardium/.gradle/4.10/fileHashes/resourceHashesCache.bin. Error: Invalid text. (Binary)","timestamp":"2021-07-21T15:04:08.839Z"}
{"level":"debug","message":"Wild had a problem with/Users/oferhaim/IdeaProjects/github.ibm.com/Activity-Insights/universal-connectors/filter-plugin/logstash-filter-hdfs-guardium/.gradle/4.10/javaCompile/classAnalysis.bin. Error: Invalid text. (Binary)","timestamp":"2021-07-21T15:04:08.840Z"}
{"level":"debug","message":"Wild had a problem with/Users/oferhaim/IdeaProjects/github.ibm.com/Activity-Insights/universal-connectors/filter-plugin/logstash-filter-hdfs-guardium/.gradle/4.10/javaCompile/jarAnalysis.bin. Error: Invalid text. (Binary)","timestamp":"2021-07-21T15:04:08.842Z"}
{"level":"debug","message":"Wild had a problem with/Users/oferhaim/IdeaProjects/github.ibm.com/Activity-Insights/universal-connectors/filter-plugin/logstash-filter-hdfs-guardium/.gradle/4.10/javaCompile/javaCompile.lock. Error: Invalid text. (Binary)","timestamp":"2021-07-21T15:04:08.842Z"}
{"level":"debug","message":"Wild had a problem with/Users/oferhaim/IdeaProjects/github.ibm.com/Activity-Insights/universal-connectors/filter-plugin/logstash-filter-hdfs-guardium/.gradle/4.10/javaCompile/taskHistory.bin. Error: Invalid text. (Binary)","timestamp":"2021-07-21T15:04:08.843Z"}
{"level":"debug","message":"Wild had a problem with/Users/oferhaim/IdeaProjects/github.ibm.com/Activity-Insights/universal-connectors/filter-plugin/logstash-filter-hdfs-guardium/.gradle/4.10/taskHistory/taskHistory.bin. Error: File too large","timestamp":"2021-07-21T15:04:08.843Z"}
{"level":"debug","message":"Wild had a problem with/Users/oferhaim/IdeaProjects/github.ibm.com/Activity-Insights/universal-connectors/filter-plugin/logstash-filter-hdfs-guardium/.gradle/4.10/taskHistory/taskHistory.lock. Error: Invalid text. (Binary)","timestamp":"2021-07-21T15:04:08.844Z"}
{"level":"debug","message":"Wild had a problem with/Users/oferhaim/IdeaProjects/github.ibm.com/Activity-Insights/universal-connectors/filter-plugin/logstash-filter-hdfs-guardium/.gradle/buildOutputCleanup/buildOutputCleanup.lock. Error: Invalid text. (Binary)","timestamp":"2021-07-21T15:04:08.845Z"}
{"level":"debug","message":"Wild had a problem with/Users/oferhaim/IdeaProjects/github.ibm.com/Activity-Insights/universal-connectors/filter-plugin/logstash-filter-hdfs-guardium/.gradle/buildOutputCleanup/outputFiles.bin. Error: Invalid text. (Binary)","timestamp":"2021-07-21T15:04:08.847Z"}
{"level":"debug","message":"Wild had a problem with/Users/oferhaim/IdeaProjects/github.ibm.com/Activity-Insights/universal-connectors/filter-plugin/logstash-filter-hdfs-guardium/.gradle/vcs-1/gc.properties. Error: Invalid text. (Null or empty)","timestamp":"2021-07-21T15:04:08.847Z"}
{"level":"debug","message":"Wild had a problem with/Users/oferhaim/IdeaProjects/github.ibm.com/Activity-Insights/universal-connectors/filter-plugin/logstash-filter-hdfs-guardium/HdfsOverFilebeatPackage/.DS_Store. Error: Invalid text. (Binary)","timestamp":"2021-07-21T15:04:08.858Z"}
{"level":"debug","message":"Wild had a problem with/Users/oferhaim/IdeaProjects/github.ibm.com/Activity-Insights/universal-connectors/filter-plugin/logstash-filter-hdfs-guardium/HdfsOverFilebeatPackage/Hdfs/.DS_Store. Error: Invalid text. (Binary)","timestamp":"2021-07-21T15:04:08.860Z"}
{"level":"debug","message":"Depth-Finder: completed PID_2 phase without an error","timestamp":"2021-07-21T15:04:08.883Z"}
{"level":"debug","message":"Depth-Finder: started PID_3 phase","timestamp":"2021-07-21T15:04:08.883Z"}
{"level":"debug","message":"Depth-Finder: started RPP_1 phase","timestamp":"2021-07-21T15:04:08.883Z"}
{"level":"debug","message":"Depth-Finder: Flatten Output Plugin - RPP_1","timestamp":"2021-07-21T15:04:08.884Z"}
{"level":"debug","message":"Depth-Finder: completed RPP_1 phase without an error","timestamp":"2021-07-21T15:04:08.884Z"}
{"level":"debug","message":"Depth-Finder: started RPP_2 phase","timestamp":"2021-07-21T15:04:08.884Z"}
{"level":"debug","message":"Depth-Finder: License Scanner Plugin - RPP_2","timestamp":"2021-07-21T15:04:08.884Z"}
{"level":"debug","message":"Depth-Finder: completed RPP_2 phase without an error","timestamp":"2021-07-21T15:04:08.890Z"}
{"level":"debug","message":"Depth-Finder: started RPP_3 phase","timestamp":"2021-07-21T15:04:08.892Z"}
{"level":"debug","message":"Depth-Finder: License Approval Status Plugin - RPP_3","timestamp":"2021-07-21T15:04:08.892Z"}
{"level":"debug","message":"Depth-Finder: Package Hasher Plugin - RPP_3","timestamp":"2021-07-21T15:04:08.904Z"}
{"level":"debug","message":"Depth-Finder: completed RPP_3 phase without an error","timestamp":"2021-07-21T15:04:08.905Z"}
{"level":"debug","message":"Depth-Finder: started terminate phase","timestamp":"2021-07-21T15:04:08.905Z"}
{"level":"debug","message":"Depth-Finder: Package Finder Plugin - Terminate","timestamp":"2021-07-21T15:04:08.905Z"}
{"level":"debug","message":"Depth-Finder: Package Finder Plugin - Terminated successfully","timestamp":"2021-07-21T15:04:08.906Z"}
{"level":"debug","message":"Depth-Finder: completed terminate phase","timestamp":"2021-07-21T15:04:08.906Z"}
{"level":"debug","message":"Depth-Finder: sending scan results to callback function","timestamp":"2021-07-21T15:04:08.906Z"}
{"level":"info","message":"\tScan completed in 11453 ms by a user for project logstash-filter-hdfs-guardium.","timestamp":"2021-07-21T15:04:08.907Z"}
{"level":"info","message":"\tDirectories Scanned: 30","timestamp":"2021-07-21T15:04:08.907Z"}
{"level":"info","message":"\tFiles Scanned: 47","timestamp":"2021-07-21T15:04:08.907Z"}
{"level":"debug","message":"CLI Functions: completed execute scan step without an error.","timestamp":"2021-07-21T15:04:08.908Z"}
{"level":"debug","message":"CLI Functions: started download pedigree data step","timestamp":"2021-07-21T15:04:08.931Z"}
{"level":"info","message":"\tChecking results...","timestamp":"2021-07-21T15:04:08.931Z"}
{"level":"debug","message":"WICKED GA response: OK","timestamp":"2021-07-21T15:04:09.272Z"}
{"level":"debug","message":"WICKED GA response: OK","timestamp":"2021-07-21T15:04:09.279Z"}
{"level":"debug","message":"TaaS GA response: OK","timestamp":"2021-07-21T15:04:09.289Z"}
{"level":"debug","message":"CLI Functions: completed download pedigree data step - downloaded data","timestamp":"2021-07-21T15:04:11.401Z"}
{"level":"debug","message":"CLI Functions: started generate license report step","timestamp":"2021-07-21T15:04:11.401Z"}
{"level":"debug","message":"CLI Functions: completed generate license report step","timestamp":"2021-07-21T15:04:11.401Z"}
{"level":"debug","message":"CLI Functions: started output report step","timestamp":"2021-07-21T15:04:11.402Z"}
{"level":"debug","message":"Could not dereference \"license_types\".","timestamp":"2021-07-21T15:04:11.442Z"}
{"level":"debug","message":"Could not dereference \"license_types\".","timestamp":"2021-07-21T15:04:11.442Z"}
{"level":"debug","message":"Could not dereference \"license_types\".","timestamp":"2021-07-21T15:04:11.442Z"}
{"level":"debug","message":"Could not dereference \"license_types\".","timestamp":"2021-07-21T15:04:11.442Z"}
{"level":"debug","message":"Could not dereference \"license_types\".","timestamp":"2021-07-21T15:04:11.442Z"}
{"level":"debug","message":"Could not dereference \"license_types\".","timestamp":"2021-07-21T15:04:11.442Z"}
{"level":"debug","message":"Could not dereference \"license_types\".","timestamp":"2021-07-21T15:04:11.442Z"}
{"level":"debug","message":"Could not dereference \"declared_license\".","timestamp":"2021-07-21T15:04:11.442Z"}
{"level":"debug","message":"Could not dereference \"license_types\".","timestamp":"2021-07-21T15:04:11.442Z"}
{"level":"debug","message":"Could not dereference \"declared_license\".","timestamp":"2021-07-21T15:04:11.442Z"}
{"level":"debug","message":"Could not dereference \"license_types\".","timestamp":"2021-07-21T15:04:11.442Z"}
{"level":"debug","message":"Could not dereference \"license_types\".","timestamp":"2021-07-21T15:04:11.442Z"}
{"level":"debug","message":"Could not dereference \"license_types\".","timestamp":"2021-07-21T15:04:11.442Z"}
{"level":"debug","message":"Could not dereference \"pedigree.reviewLevel\".","timestamp":"2021-07-21T15:04:11.442Z"}
{"level":"debug","message":"Could not dereference \"license_types\".","timestamp":"2021-07-21T15:04:11.442Z"}
{"level":"debug","message":"Could not dereference \"declared_license\".","timestamp":"2021-07-21T15:04:11.442Z"}
{"level":"debug","message":"Could not dereference \"pedigree.reviewLevel\".","timestamp":"2021-07-21T15:04:11.442Z"}
{"level":"debug","message":"Could not dereference \"license_types\".","timestamp":"2021-07-21T15:04:11.442Z"}
{"level":"debug","message":"Could not dereference \"declared_license\".","timestamp":"2021-07-21T15:04:11.442Z"}
{"level":"debug","message":"Could not dereference \"license_types\".","timestamp":"2021-07-21T15:04:11.442Z"}
{"level":"debug","message":"Could not dereference \"declared_license\".","timestamp":"2021-07-21T15:04:11.442Z"}
{"level":"debug","message":"Could not dereference \"license_types\".","timestamp":"2021-07-21T15:04:11.442Z"}
{"level":"debug","message":"Could not dereference \"declared_license\".","timestamp":"2021-07-21T15:04:11.442Z"}
{"level":"debug","message":"Could not dereference \"license_types\".","timestamp":"2021-07-21T15:04:11.442Z"}
{"level":"debug","message":"Could not dereference \"declared_license\".","timestamp":"2021-07-21T15:04:11.442Z"}
{"level":"debug","message":"Could not dereference \"license_types\".","timestamp":"2021-07-21T15:04:11.442Z"}
{"level":"debug","message":"Could not dereference \"pedigree.reviewLevel\".","timestamp":"2021-07-21T15:04:11.442Z"}
{"level":"debug","message":"Could not dereference \"license_types\".","timestamp":"2021-07-21T15:04:11.442Z"}
{"level":"debug","message":"Could not dereference \"declared_license\".","timestamp":"2021-07-21T15:04:11.442Z"}
{"level":"debug","message":"Could not dereference \"pedigree.reviewLevel\".","timestamp":"2021-07-21T15:04:11.442Z"}
{"level":"debug","message":"Could not dereference \"license_types\".","timestamp":"2021-07-21T15:04:11.442Z"}
{"level":"debug","message":"Could not dereference \"declared_license\".","timestamp":"2021-07-21T15:04:11.442Z"}
{"level":"debug","message":"Could not dereference \"license_types\".","timestamp":"2021-07-21T15:04:11.442Z"}
{"level":"debug","message":"Could not dereference \"license_types\".","timestamp":"2021-07-21T15:04:11.442Z"}
{"level":"debug","message":"Could not dereference \"declared_license\".","timestamp":"2021-07-21T15:04:11.442Z"}
{"level":"debug","message":"Could not dereference \"license_types\".","timestamp":"2021-07-21T15:04:11.443Z"}
{"level":"debug","message":"Could not dereference \"pedigree.reviewLevel\".","timestamp":"2021-07-21T15:04:11.443Z"}
{"level":"debug","message":"Could not dereference \"license_types\".","timestamp":"2021-07-21T15:04:11.443Z"}
{"level":"debug","message":"Could not dereference \"declared_license\".","timestamp":"2021-07-21T15:04:11.443Z"}
{"level":"debug","message":"Could not dereference \"license_types\".","timestamp":"2021-07-21T15:04:11.443Z"}
{"level":"debug","message":"Could not dereference \"declared_license\".","timestamp":"2021-07-21T15:04:11.443Z"}
{"level":"debug","message":"Could not dereference \"pedigree.needReview\".","timestamp":"2021-07-21T15:04:11.443Z"}
{"level":"debug","message":"Could not dereference \"pedigree.needReviewReason\".","timestamp":"2021-07-21T15:04:11.443Z"}
{"level":"debug","message":"Could not dereference \"pedigree.reviewLevel\".","timestamp":"2021-07-21T15:04:11.443Z"}
{"level":"debug","message":"Could not dereference \"declared_license\".","timestamp":"2021-07-21T15:04:11.443Z"}
{"level":"info","message":"\tGenerated file:  /Users/oferhaim/Desktop/uc_wicked_scans/logstash-filter-hdfs-guardium/logstash-filter-hdfs-guardium_scan-results/Scan-Report.csv","timestamp":"2021-07-21T15:04:11.459Z"}
{"level":"info","message":"\tGenerated file:  /Users/oferhaim/Desktop/uc_wicked_scans/logstash-filter-hdfs-guardium/logstash-filter-hdfs-guardium_scan-results/License-Report.html","timestamp":"2021-07-21T15:04:11.459Z"}
{"level":"info","message":"\tGenerated file:  /Users/oferhaim/Desktop/uc_wicked_scans/logstash-filter-hdfs-guardium/logstash-filter-hdfs-guardium_scan-results/License-Report.md","timestamp":"2021-07-21T15:04:11.459Z"}
{"level":"info","message":"\tGenerated file:  /Users/oferhaim/Desktop/uc_wicked_scans/logstash-filter-hdfs-guardium/logstash-filter-hdfs-guardium_scan-results/Scan-Report.json","timestamp":"2021-07-21T15:04:11.459Z"}
{"level":"debug","message":"CLI Functions: completed output report step  without an error.","timestamp":"2021-07-21T15:04:11.459Z"}
{"level":"debug","message":"CLI Functions: completed running CLI steps without an error.","timestamp":"2021-07-21T15:04:11.459Z"}
{"level":"info","message":"Done.","timestamp":"2021-07-21T15:04:11.459Z"}
